{"/Users/lukasbuck/Code/projects/mini_crm/sdk/src/index.ts": {"path":"/Users/lukasbuck/Code/projects/mini_crm/sdk/src/index.ts","statementMap":{"0":{"start":{"line":9,"column":0},"end":{"line":9,"column":25}},"1":{"start":{"line":10,"column":0},"end":{"line":10,"column":25}},"2":{"start":{"line":11,"column":0},"end":{"line":11,"column":25}},"3":{"start":{"line":14,"column":0},"end":{"line":14,"column":24}},"4":{"start":{"line":17,"column":0},"end":{"line":17,"column":9}},"5":{"start":{"line":17,"column":9},"end":{"line":17,"column":16}},"6":{"start":{"line":17,"column":16},"end":{"line":17,"column":51}},"7":{"start":{"line":18,"column":0},"end":{"line":18,"column":9}},"8":{"start":{"line":18,"column":9},"end":{"line":18,"column":37}},"9":{"start":{"line":21,"column":0},"end":{"line":21,"column":9}},"10":{"start":{"line":21,"column":9},"end":{"line":21,"column":40}},"11":{"start":{"line":24,"column":0},"end":{"line":24,"column":9}},"12":{"start":{"line":25,"column":9},"end":{"line":24,"column":41}},"13":{"start":{"line":28,"column":0},"end":{"line":28,"column":23}}},"fnMap":{"0":{"name":"(anonymous_4)","decl":{"start":{"line":17,"column":9},"end":{"line":17,"column":14}},"loc":{"start":{"line":17,"column":9},"end":{"line":17,"column":16}}},"1":{"name":"(anonymous_5)","decl":{"start":{"line":17,"column":16},"end":{"line":17,"column":21}},"loc":{"start":{"line":17,"column":16},"end":{"line":17,"column":51}}},"2":{"name":"(anonymous_6)","decl":{"start":{"line":18,"column":9},"end":{"line":18,"column":19}},"loc":{"start":{"line":18,"column":9},"end":{"line":18,"column":37}}},"3":{"name":"(anonymous_7)","decl":{"start":{"line":21,"column":9},"end":{"line":21,"column":22}},"loc":{"start":{"line":21,"column":9},"end":{"line":21,"column":40}}},"4":{"name":"(anonymous_8)","decl":{"start":{"line":25,"column":9},"end":{"line":25,"column":16}},"loc":{"start":{"line":25,"column":9},"end":{"line":24,"column":41}}}},"branchMap":{},"s":{"0":0,"1":0,"2":0,"3":0,"4":0,"5":0,"6":0,"7":0,"8":0,"9":0,"10":0,"11":0,"12":0,"13":0},"f":{"0":0,"1":0,"2":0,"3":0,"4":0},"b":{}}
,"/Users/lukasbuck/Code/projects/mini_crm/sdk/src/types.ts": {"path":"/Users/lukasbuck/Code/projects/mini_crm/sdk/src/types.ts","statementMap":{"0":{"start":{"line":150,"column":0},"end":{"line":150,"column":null}},"1":{"start":{"line":151,"column":2},"end":{"line":151,"column":null}},"2":{"start":{"line":152,"column":2},"end":{"line":152,"column":null}},"3":{"start":{"line":153,"column":2},"end":{"line":153,"column":null}},"4":{"start":{"line":154,"column":2},"end":{"line":154,"column":null}},"5":{"start":{"line":155,"column":2},"end":{"line":155,"column":null}},"6":{"start":{"line":156,"column":2},"end":{"line":156,"column":null}},"7":{"start":{"line":157,"column":2},"end":{"line":157,"column":null}}},"fnMap":{"0":{"name":"(anonymous_0)","decl":{"start":{"line":150,"column":0},"end":{"line":150,"column":12}},"loc":{"start":{"line":150,"column":22},"end":{"line":158,"column":1}}}},"branchMap":{"0":{"loc":{"start":{"line":150,"column":12},"end":{"line":150,"column":null}},"type":"binary-expr","locations":[{"start":{"line":150,"column":12},"end":{"line":150,"column":22}},{"start":{"line":150,"column":22},"end":{"line":150,"column":null}}]}},"s":{"0":4,"1":4,"2":4,"3":4,"4":4,"5":4,"6":4,"7":4},"f":{"0":4},"b":{"0":[4,4]}}
,"/Users/lukasbuck/Code/projects/mini_crm/sdk/src/client/ApiClient.ts": {"path":"/Users/lukasbuck/Code/projects/mini_crm/sdk/src/client/ApiClient.ts","statementMap":{"0":{"start":{"line":1,"column":0},"end":{"line":1,"column":80}},"1":{"start":{"line":11,"column":10},"end":{"line":11,"column":38}},"2":{"start":{"line":12,"column":10},"end":{"line":12,"column":45}},"3":{"start":{"line":13,"column":10},"end":{"line":13,"column":34}},"4":{"start":{"line":303,"column":2},"end":{"line":309,"column":4}},"5":{"start":{"line":304,"column":18},"end":{"line":304,"column":44}},"6":{"start":{"line":305,"column":29},"end":{"line":305,"column":59}},"7":{"start":{"line":306,"column":37},"end":{"line":306,"column":68}},"8":{"start":{"line":307,"column":49},"end":{"line":307,"column":85}},"9":{"start":{"line":308,"column":28},"end":{"line":308,"column":64}},"10":{"start":{"line":314,"column":2},"end":{"line":320,"column":4}},"11":{"start":{"line":315,"column":18},"end":{"line":315,"column":50}},"12":{"start":{"line":316,"column":29},"end":{"line":316,"column":65}},"13":{"start":{"line":317,"column":40},"end":{"line":317,"column":77}},"14":{"start":{"line":318,"column":52},"end":{"line":318,"column":94}},"15":{"start":{"line":319,"column":28},"end":{"line":319,"column":67}},"16":{"start":{"line":325,"column":2},"end":{"line":331,"column":4}},"17":{"start":{"line":326,"column":18},"end":{"line":326,"column":44}},"18":{"start":{"line":327,"column":29},"end":{"line":327,"column":59}},"19":{"start":{"line":328,"column":37},"end":{"line":328,"column":68}},"20":{"start":{"line":329,"column":49},"end":{"line":329,"column":85}},"21":{"start":{"line":330,"column":28},"end":{"line":330,"column":64}},"22":{"start":{"line":336,"column":2},"end":{"line":343,"column":4}},"23":{"start":{"line":337,"column":18},"end":{"line":337,"column":44}},"24":{"start":{"line":338,"column":29},"end":{"line":338,"column":59}},"25":{"start":{"line":339,"column":37},"end":{"line":339,"column":68}},"26":{"start":{"line":340,"column":49},"end":{"line":340,"column":85}},"27":{"start":{"line":341,"column":28},"end":{"line":341,"column":64}},"28":{"start":{"line":342,"column":38},"end":{"line":342,"column":79}},"29":{"start":{"line":348,"column":2},"end":{"line":354,"column":4}},"30":{"start":{"line":349,"column":18},"end":{"line":349,"column":44}},"31":{"start":{"line":350,"column":29},"end":{"line":350,"column":59}},"32":{"start":{"line":351,"column":37},"end":{"line":351,"column":68}},"33":{"start":{"line":352,"column":49},"end":{"line":352,"column":85}},"34":{"start":{"line":353,"column":28},"end":{"line":353,"column":64}},"35":{"start":{"line":359,"column":2},"end":{"line":362,"column":4}},"36":{"start":{"line":360,"column":15},"end":{"line":360,"column":46}},"37":{"start":{"line":361,"column":41},"end":{"line":361,"column":78}},"38":{"start":{"line":22,"column":4},"end":{"line":22,"column":27}},"39":{"start":{"line":23,"column":4},"end":{"line":23,"column":25}},"40":{"start":{"line":26,"column":4},"end":{"line":33,"column":7}},"41":{"start":{"line":36,"column":4},"end":{"line":50,"column":7}},"42":{"start":{"line":38,"column":6},"end":{"line":48,"column":7}},"43":{"start":{"line":39,"column":8},"end":{"line":39,"column":62}},"44":{"start":{"line":40,"column":13},"end":{"line":48,"column":7}},"45":{"start":{"line":42,"column":8},"end":{"line":47,"column":9}},"46":{"start":{"line":43,"column":10},"end":{"line":43,"column":40}},"47":{"start":{"line":44,"column":10},"end":{"line":44,"column":64}},"48":{"start":{"line":46,"column":10},"end":{"line":46,"column":61}},"49":{"start":{"line":49,"column":6},"end":{"line":49,"column":20}},"50":{"start":{"line":53,"column":4},"end":{"line":75,"column":6}},"51":{"start":{"line":54,"column":20},"end":{"line":54,"column":28}},"52":{"start":{"line":57,"column":8},"end":{"line":71,"column":9}},"53":{"start":{"line":58,"column":10},"end":{"line":70,"column":11}},"54":{"start":{"line":60,"column":12},"end":{"line":60,"column":42}},"55":{"start":{"line":63,"column":27},"end":{"line":63,"column":39}},"56":{"start":{"line":64,"column":12},"end":{"line":64,"column":66}},"57":{"start":{"line":65,"column":12},"end":{"line":65,"column":46}},"58":{"start":{"line":68,"column":12},"end":{"line":68,"column":29}},"59":{"start":{"line":69,"column":12},"end":{"line":69,"column":48}},"60":{"start":{"line":73,"column":8},"end":{"line":73,"column":37}},"61":{"start":{"line":85,"column":4},"end":{"line":100,"column":5}},"62":{"start":{"line":86,"column":23},"end":{"line":89,"column":8}},"63":{"start":{"line":91,"column":6},"end":{"line":94,"column":7}},"64":{"start":{"line":92,"column":8},"end":{"line":92,"column":41}},"65":{"start":{"line":93,"column":8},"end":{"line":93,"column":34}},"66":{"start":{"line":96,"column":6},"end":{"line":96,"column":61}},"67":{"start":{"line":98,"column":6},"end":{"line":98,"column":47}},"68":{"start":{"line":99,"column":6},"end":{"line":99,"column":18}},"69":{"start":{"line":111,"column":4},"end":{"line":126,"column":5}},"70":{"start":{"line":112,"column":23},"end":{"line":116,"column":8}},"71":{"start":{"line":118,"column":6},"end":{"line":120,"column":7}},"72":{"start":{"line":119,"column":8},"end":{"line":119,"column":34}},"73":{"start":{"line":122,"column":6},"end":{"line":122,"column":68}},"74":{"start":{"line":124,"column":6},"end":{"line":124,"column":54}},"75":{"start":{"line":125,"column":6},"end":{"line":125,"column":18}},"76":{"start":{"line":134,"column":4},"end":{"line":145,"column":5}},"77":{"start":{"line":135,"column":23},"end":{"line":135,"column":74}},"78":{"start":{"line":137,"column":6},"end":{"line":139,"column":7}},"79":{"start":{"line":138,"column":8},"end":{"line":138,"column":34}},"80":{"start":{"line":141,"column":6},"end":{"line":141,"column":75}},"81":{"start":{"line":143,"column":6},"end":{"line":143,"column":61}},"82":{"start":{"line":144,"column":6},"end":{"line":144,"column":18}},"83":{"start":{"line":154,"column":4},"end":{"line":154,"column":23}},"84":{"start":{"line":155,"column":4},"end":{"line":155,"column":45}},"85":{"start":{"line":156,"column":4},"end":{"line":156,"column":49}},"86":{"start":{"line":164,"column":4},"end":{"line":166,"column":5}},"87":{"start":{"line":165,"column":6},"end":{"line":165,"column":52}},"88":{"start":{"line":168,"column":4},"end":{"line":183,"column":5}},"89":{"start":{"line":169,"column":23},"end":{"line":171,"column":8}},"90":{"start":{"line":173,"column":6},"end":{"line":176,"column":7}},"91":{"start":{"line":174,"column":8},"end":{"line":174,"column":41}},"92":{"start":{"line":175,"column":8},"end":{"line":175,"column":34}},"93":{"start":{"line":178,"column":6},"end":{"line":178,"column":69}},"94":{"start":{"line":180,"column":6},"end":{"line":180,"column":55}},"95":{"start":{"line":181,"column":6},"end":{"line":181,"column":23}},"96":{"start":{"line":182,"column":6},"end":{"line":182,"column":18}},"97":{"start":{"line":190,"column":4},"end":{"line":190,"column":21}},"98":{"start":{"line":198,"column":4},"end":{"line":198,"column":32}},"99":{"start":{"line":199,"column":4},"end":{"line":199,"column":46}},"100":{"start":{"line":200,"column":4},"end":{"line":200,"column":42}},"101":{"start":{"line":207,"column":4},"end":{"line":207,"column":22}},"102":{"start":{"line":208,"column":4},"end":{"line":208,"column":29}},"103":{"start":{"line":209,"column":4},"end":{"line":209,"column":25}},"104":{"start":{"line":219,"column":4},"end":{"line":230,"column":5}},"105":{"start":{"line":220,"column":23},"end":{"line":220,"column":73}},"106":{"start":{"line":222,"column":6},"end":{"line":224,"column":7}},"107":{"start":{"line":223,"column":8},"end":{"line":223,"column":34}},"108":{"start":{"line":226,"column":6},"end":{"line":226,"column":63}},"109":{"start":{"line":228,"column":6},"end":{"line":228,"column":53}},"110":{"start":{"line":229,"column":6},"end":{"line":229,"column":18}},"111":{"start":{"line":241,"column":4},"end":{"line":252,"column":5}},"112":{"start":{"line":242,"column":23},"end":{"line":242,"column":80}},"113":{"start":{"line":244,"column":6},"end":{"line":246,"column":7}},"114":{"start":{"line":245,"column":8},"end":{"line":245,"column":34}},"115":{"start":{"line":248,"column":6},"end":{"line":248,"column":63}},"116":{"start":{"line":250,"column":6},"end":{"line":250,"column":54}},"117":{"start":{"line":251,"column":6},"end":{"line":251,"column":18}},"118":{"start":{"line":263,"column":4},"end":{"line":274,"column":5}},"119":{"start":{"line":264,"column":23},"end":{"line":264,"column":79}},"120":{"start":{"line":266,"column":6},"end":{"line":268,"column":7}},"121":{"start":{"line":267,"column":8},"end":{"line":267,"column":34}},"122":{"start":{"line":270,"column":6},"end":{"line":270,"column":63}},"123":{"start":{"line":272,"column":6},"end":{"line":272,"column":53}},"124":{"start":{"line":273,"column":6},"end":{"line":273,"column":18}},"125":{"start":{"line":284,"column":4},"end":{"line":295,"column":5}},"126":{"start":{"line":285,"column":23},"end":{"line":285,"column":76}},"127":{"start":{"line":287,"column":6},"end":{"line":289,"column":7}},"128":{"start":{"line":288,"column":8},"end":{"line":288,"column":34}},"129":{"start":{"line":291,"column":6},"end":{"line":291,"column":63}},"130":{"start":{"line":293,"column":6},"end":{"line":293,"column":56}},"131":{"start":{"line":294,"column":6},"end":{"line":294,"column":18}},"132":{"start":{"line":370,"column":17},"end":{"line":370,"column":47}},"133":{"start":{"line":372,"column":4},"end":{"line":378,"column":6}},"134":{"start":{"line":373,"column":20},"end":{"line":373,"column":41}},"135":{"start":{"line":374,"column":31},"end":{"line":374,"column":61}},"136":{"start":{"line":375,"column":29},"end":{"line":375,"column":55}},"137":{"start":{"line":376,"column":41},"end":{"line":376,"column":77}},"138":{"start":{"line":377,"column":30},"end":{"line":377,"column":67}},"139":{"start":{"line":8,"column":0},"end":{"line":8,"column":13}}},"fnMap":{"0":{"name":"(anonymous_1)","decl":{"start":{"line":21,"column":2},"end":{"line":21,"column":14}},"loc":{"start":{"line":21,"column":45},"end":{"line":76,"column":3}}},"1":{"name":"(anonymous_2)","decl":{"start":{"line":304,"column":12},"end":{"line":304,"column":15}},"loc":{"start":{"line":304,"column":18},"end":{"line":304,"column":44}}},"2":{"name":"(anonymous_3)","decl":{"start":{"line":305,"column":13},"end":{"line":305,"column":14}},"loc":{"start":{"line":305,"column":29},"end":{"line":305,"column":59}}},"3":{"name":"(anonymous_4)","decl":{"start":{"line":306,"column":12},"end":{"line":306,"column":13}},"loc":{"start":{"line":306,"column":37},"end":{"line":306,"column":68}}},"4":{"name":"(anonymous_5)","decl":{"start":{"line":307,"column":12},"end":{"line":307,"column":13}},"loc":{"start":{"line":307,"column":49},"end":{"line":307,"column":85}}},"5":{"name":"(anonymous_6)","decl":{"start":{"line":308,"column":12},"end":{"line":308,"column":13}},"loc":{"start":{"line":308,"column":28},"end":{"line":308,"column":64}}},"6":{"name":"(anonymous_7)","decl":{"start":{"line":315,"column":12},"end":{"line":315,"column":15}},"loc":{"start":{"line":315,"column":18},"end":{"line":315,"column":50}}},"7":{"name":"(anonymous_8)","decl":{"start":{"line":316,"column":13},"end":{"line":316,"column":14}},"loc":{"start":{"line":316,"column":29},"end":{"line":316,"column":65}}},"8":{"name":"(anonymous_9)","decl":{"start":{"line":317,"column":12},"end":{"line":317,"column":13}},"loc":{"start":{"line":317,"column":40},"end":{"line":317,"column":77}}},"9":{"name":"(anonymous_10)","decl":{"start":{"line":318,"column":12},"end":{"line":318,"column":13}},"loc":{"start":{"line":318,"column":52},"end":{"line":318,"column":94}}},"10":{"name":"(anonymous_11)","decl":{"start":{"line":319,"column":12},"end":{"line":319,"column":13}},"loc":{"start":{"line":319,"column":28},"end":{"line":319,"column":67}}},"11":{"name":"(anonymous_12)","decl":{"start":{"line":326,"column":12},"end":{"line":326,"column":15}},"loc":{"start":{"line":326,"column":18},"end":{"line":326,"column":44}}},"12":{"name":"(anonymous_13)","decl":{"start":{"line":327,"column":13},"end":{"line":327,"column":14}},"loc":{"start":{"line":327,"column":29},"end":{"line":327,"column":59}}},"13":{"name":"(anonymous_14)","decl":{"start":{"line":328,"column":12},"end":{"line":328,"column":13}},"loc":{"start":{"line":328,"column":37},"end":{"line":328,"column":68}}},"14":{"name":"(anonymous_15)","decl":{"start":{"line":329,"column":12},"end":{"line":329,"column":13}},"loc":{"start":{"line":329,"column":49},"end":{"line":329,"column":85}}},"15":{"name":"(anonymous_16)","decl":{"start":{"line":330,"column":12},"end":{"line":330,"column":13}},"loc":{"start":{"line":330,"column":28},"end":{"line":330,"column":64}}},"16":{"name":"(anonymous_17)","decl":{"start":{"line":337,"column":12},"end":{"line":337,"column":15}},"loc":{"start":{"line":337,"column":18},"end":{"line":337,"column":44}}},"17":{"name":"(anonymous_18)","decl":{"start":{"line":338,"column":13},"end":{"line":338,"column":14}},"loc":{"start":{"line":338,"column":29},"end":{"line":338,"column":59}}},"18":{"name":"(anonymous_19)","decl":{"start":{"line":339,"column":12},"end":{"line":339,"column":13}},"loc":{"start":{"line":339,"column":37},"end":{"line":339,"column":68}}},"19":{"name":"(anonymous_20)","decl":{"start":{"line":340,"column":12},"end":{"line":340,"column":13}},"loc":{"start":{"line":340,"column":49},"end":{"line":340,"column":85}}},"20":{"name":"(anonymous_21)","decl":{"start":{"line":341,"column":12},"end":{"line":341,"column":13}},"loc":{"start":{"line":341,"column":28},"end":{"line":341,"column":64}}},"21":{"name":"(anonymous_22)","decl":{"start":{"line":342,"column":22},"end":{"line":342,"column":23}},"loc":{"start":{"line":342,"column":38},"end":{"line":342,"column":79}}},"22":{"name":"(anonymous_23)","decl":{"start":{"line":349,"column":12},"end":{"line":349,"column":15}},"loc":{"start":{"line":349,"column":18},"end":{"line":349,"column":44}}},"23":{"name":"(anonymous_24)","decl":{"start":{"line":350,"column":13},"end":{"line":350,"column":14}},"loc":{"start":{"line":350,"column":29},"end":{"line":350,"column":59}}},"24":{"name":"(anonymous_25)","decl":{"start":{"line":351,"column":12},"end":{"line":351,"column":13}},"loc":{"start":{"line":351,"column":37},"end":{"line":351,"column":68}}},"25":{"name":"(anonymous_26)","decl":{"start":{"line":352,"column":12},"end":{"line":352,"column":13}},"loc":{"start":{"line":352,"column":49},"end":{"line":352,"column":85}}},"26":{"name":"(anonymous_27)","decl":{"start":{"line":353,"column":12},"end":{"line":353,"column":13}},"loc":{"start":{"line":353,"column":28},"end":{"line":353,"column":64}}},"27":{"name":"(anonymous_28)","decl":{"start":{"line":360,"column":9},"end":{"line":360,"column":12}},"loc":{"start":{"line":360,"column":15},"end":{"line":360,"column":46}}},"28":{"name":"(anonymous_29)","decl":{"start":{"line":361,"column":12},"end":{"line":361,"column":13}},"loc":{"start":{"line":361,"column":41},"end":{"line":361,"column":78}}},"29":{"name":"(anonymous_30)","decl":{"start":{"line":36,"column":40},"end":{"line":36,"column":45}},"loc":{"start":{"line":36,"column":57},"end":{"line":50,"column":5}}},"30":{"name":"(anonymous_31)","decl":{"start":{"line":54,"column":6},"end":{"line":54,"column":7}},"loc":{"start":{"line":54,"column":20},"end":{"line":54,"column":28}}},"31":{"name":"(anonymous_32)","decl":{"start":{"line":55,"column":6},"end":{"line":55,"column":11}},"loc":{"start":{"line":55,"column":22},"end":{"line":74,"column":7}}},"32":{"name":"(anonymous_33)","decl":{"start":{"line":84,"column":2},"end":{"line":84,"column":7}},"loc":{"start":{"line":84,"column":45},"end":{"line":101,"column":3}}},"33":{"name":"(anonymous_34)","decl":{"start":{"line":110,"column":2},"end":{"line":110,"column":7}},"loc":{"start":{"line":110,"column":66},"end":{"line":127,"column":3}}},"34":{"name":"(anonymous_35)","decl":{"start":{"line":133,"column":2},"end":{"line":133,"column":7}},"loc":{"start":{"line":133,"column":22},"end":{"line":146,"column":3}}},"35":{"name":"(anonymous_36)","decl":{"start":{"line":153,"column":2},"end":{"line":153,"column":14}},"loc":{"start":{"line":153,"column":56},"end":{"line":157,"column":3}}},"36":{"name":"(anonymous_37)","decl":{"start":{"line":163,"column":2},"end":{"line":163,"column":7}},"loc":{"start":{"line":163,"column":24},"end":{"line":184,"column":3}}},"37":{"name":"(anonymous_38)","decl":{"start":{"line":189,"column":2},"end":{"line":189,"column":8}},"loc":{"start":{"line":189,"column":8},"end":{"line":191,"column":3}}},"38":{"name":"(anonymous_39)","decl":{"start":{"line":197,"column":10},"end":{"line":197,"column":17}},"loc":{"start":{"line":197,"column":37},"end":{"line":201,"column":3}}},"39":{"name":"(anonymous_40)","decl":{"start":{"line":206,"column":10},"end":{"line":206,"column":19}},"loc":{"start":{"line":206,"column":19},"end":{"line":210,"column":3}}},"40":{"name":"(anonymous_41)","decl":{"start":{"line":218,"column":2},"end":{"line":218,"column":7}},"loc":{"start":{"line":218,"column":56},"end":{"line":231,"column":3}}},"41":{"name":"(anonymous_42)","decl":{"start":{"line":240,"column":2},"end":{"line":240,"column":7}},"loc":{"start":{"line":240,"column":68},"end":{"line":253,"column":3}}},"42":{"name":"(anonymous_43)","decl":{"start":{"line":262,"column":2},"end":{"line":262,"column":7}},"loc":{"start":{"line":262,"column":67},"end":{"line":275,"column":3}}},"43":{"name":"(anonymous_44)","decl":{"start":{"line":283,"column":2},"end":{"line":283,"column":7}},"loc":{"start":{"line":283,"column":59},"end":{"line":296,"column":3}}},"44":{"name":"(anonymous_45)","decl":{"start":{"line":369,"column":2},"end":{"line":369,"column":17}},"loc":{"start":{"line":369,"column":36},"end":{"line":379,"column":3}}},"45":{"name":"(anonymous_46)","decl":{"start":{"line":373,"column":14},"end":{"line":373,"column":17}},"loc":{"start":{"line":373,"column":20},"end":{"line":373,"column":41}}},"46":{"name":"(anonymous_47)","decl":{"start":{"line":374,"column":15},"end":{"line":374,"column":16}},"loc":{"start":{"line":374,"column":31},"end":{"line":374,"column":61}}},"47":{"name":"(anonymous_48)","decl":{"start":{"line":375,"column":14},"end":{"line":375,"column":15}},"loc":{"start":{"line":375,"column":29},"end":{"line":375,"column":55}}},"48":{"name":"(anonymous_49)","decl":{"start":{"line":376,"column":14},"end":{"line":376,"column":15}},"loc":{"start":{"line":376,"column":41},"end":{"line":376,"column":77}}},"49":{"name":"(anonymous_50)","decl":{"start":{"line":377,"column":14},"end":{"line":377,"column":15}},"loc":{"start":{"line":377,"column":30},"end":{"line":377,"column":67}}}},"branchMap":{"0":{"loc":{"start":{"line":38,"column":6},"end":{"line":48,"column":7}},"type":"if","locations":[{"start":{"line":38,"column":6},"end":{"line":48,"column":7}},{"start":{"line":40,"column":13},"end":{"line":48,"column":7}}]},"1":{"loc":{"start":{"line":38,"column":10},"end":{"line":38,"column":53}},"type":"binary-expr","locations":[{"start":{"line":38,"column":10},"end":{"line":38,"column":20}},{"start":{"line":38,"column":24},"end":{"line":38,"column":53}}]},"2":{"loc":{"start":{"line":40,"column":13},"end":{"line":48,"column":7}},"type":"if","locations":[{"start":{"line":40,"column":13},"end":{"line":48,"column":7}}]},"3":{"loc":{"start":{"line":57,"column":8},"end":{"line":71,"column":9}},"type":"if","locations":[{"start":{"line":57,"column":8},"end":{"line":71,"column":9}}]},"4":{"loc":{"start":{"line":57,"column":12},"end":{"line":57,"column":80}},"type":"binary-expr","locations":[{"start":{"line":57,"column":12},"end":{"line":57,"column":26}},{"start":{"line":57,"column":30},"end":{"line":57,"column":59}},{"start":{"line":57,"column":63},"end":{"line":57,"column":80}}]},"5":{"loc":{"start":{"line":91,"column":6},"end":{"line":94,"column":7}},"type":"if","locations":[{"start":{"line":91,"column":6},"end":{"line":94,"column":7}}]},"6":{"loc":{"start":{"line":91,"column":10},"end":{"line":91,"column":53}},"type":"binary-expr","locations":[{"start":{"line":91,"column":10},"end":{"line":91,"column":31}},{"start":{"line":91,"column":35},"end":{"line":91,"column":53}}]},"7":{"loc":{"start":{"line":96,"column":22},"end":{"line":96,"column":59}},"type":"binary-expr","locations":[{"start":{"line":96,"column":22},"end":{"line":96,"column":41}},{"start":{"line":96,"column":45},"end":{"line":96,"column":59}}]},"8":{"loc":{"start":{"line":118,"column":6},"end":{"line":120,"column":7}},"type":"if","locations":[{"start":{"line":118,"column":6},"end":{"line":120,"column":7}}]},"9":{"loc":{"start":{"line":118,"column":10},"end":{"line":118,"column":53}},"type":"binary-expr","locations":[{"start":{"line":118,"column":10},"end":{"line":118,"column":31}},{"start":{"line":118,"column":35},"end":{"line":118,"column":53}}]},"10":{"loc":{"start":{"line":122,"column":22},"end":{"line":122,"column":66}},"type":"binary-expr","locations":[{"start":{"line":122,"column":22},"end":{"line":122,"column":41}},{"start":{"line":122,"column":45},"end":{"line":122,"column":66}}]},"11":{"loc":{"start":{"line":137,"column":6},"end":{"line":139,"column":7}},"type":"if","locations":[{"start":{"line":137,"column":6},"end":{"line":139,"column":7}}]},"12":{"loc":{"start":{"line":137,"column":10},"end":{"line":137,"column":53}},"type":"binary-expr","locations":[{"start":{"line":137,"column":10},"end":{"line":137,"column":31}},{"start":{"line":137,"column":35},"end":{"line":137,"column":53}}]},"13":{"loc":{"start":{"line":141,"column":22},"end":{"line":141,"column":73}},"type":"binary-expr","locations":[{"start":{"line":141,"column":22},"end":{"line":141,"column":41}},{"start":{"line":141,"column":45},"end":{"line":141,"column":73}}]},"14":{"loc":{"start":{"line":153,"column":30},"end":{"line":153,"column":56}},"type":"default-arg","locations":[{"start":{"line":153,"column":49},"end":{"line":153,"column":56}}]},"15":{"loc":{"start":{"line":164,"column":4},"end":{"line":166,"column":5}},"type":"if","locations":[{"start":{"line":164,"column":4},"end":{"line":166,"column":5}}]},"16":{"loc":{"start":{"line":173,"column":6},"end":{"line":176,"column":7}},"type":"if","locations":[{"start":{"line":173,"column":6},"end":{"line":176,"column":7}}]},"17":{"loc":{"start":{"line":173,"column":10},"end":{"line":173,"column":53}},"type":"binary-expr","locations":[{"start":{"line":173,"column":10},"end":{"line":173,"column":31}},{"start":{"line":173,"column":35},"end":{"line":173,"column":53}}]},"18":{"loc":{"start":{"line":178,"column":22},"end":{"line":178,"column":67}},"type":"binary-expr","locations":[{"start":{"line":178,"column":22},"end":{"line":178,"column":41}},{"start":{"line":178,"column":45},"end":{"line":178,"column":67}}]},"19":{"loc":{"start":{"line":222,"column":6},"end":{"line":224,"column":7}},"type":"if","locations":[{"start":{"line":222,"column":6},"end":{"line":224,"column":7}}]},"20":{"loc":{"start":{"line":222,"column":10},"end":{"line":222,"column":67}},"type":"binary-expr","locations":[{"start":{"line":222,"column":10},"end":{"line":222,"column":31}},{"start":{"line":222,"column":35},"end":{"line":222,"column":67}}]},"21":{"loc":{"start":{"line":226,"column":22},"end":{"line":226,"column":61}},"type":"binary-expr","locations":[{"start":{"line":226,"column":22},"end":{"line":226,"column":41}},{"start":{"line":226,"column":45},"end":{"line":226,"column":61}}]},"22":{"loc":{"start":{"line":244,"column":6},"end":{"line":246,"column":7}},"type":"if","locations":[{"start":{"line":244,"column":6},"end":{"line":246,"column":7}}]},"23":{"loc":{"start":{"line":244,"column":10},"end":{"line":244,"column":67}},"type":"binary-expr","locations":[{"start":{"line":244,"column":10},"end":{"line":244,"column":31}},{"start":{"line":244,"column":35},"end":{"line":244,"column":67}}]},"24":{"loc":{"start":{"line":248,"column":22},"end":{"line":248,"column":61}},"type":"binary-expr","locations":[{"start":{"line":248,"column":22},"end":{"line":248,"column":41}},{"start":{"line":248,"column":45},"end":{"line":248,"column":61}}]},"25":{"loc":{"start":{"line":266,"column":6},"end":{"line":268,"column":7}},"type":"if","locations":[{"start":{"line":266,"column":6},"end":{"line":268,"column":7}}]},"26":{"loc":{"start":{"line":266,"column":10},"end":{"line":266,"column":67}},"type":"binary-expr","locations":[{"start":{"line":266,"column":10},"end":{"line":266,"column":31}},{"start":{"line":266,"column":35},"end":{"line":266,"column":67}}]},"27":{"loc":{"start":{"line":270,"column":22},"end":{"line":270,"column":61}},"type":"binary-expr","locations":[{"start":{"line":270,"column":22},"end":{"line":270,"column":41}},{"start":{"line":270,"column":45},"end":{"line":270,"column":61}}]},"28":{"loc":{"start":{"line":287,"column":6},"end":{"line":289,"column":7}},"type":"if","locations":[{"start":{"line":287,"column":6},"end":{"line":289,"column":7}}]},"29":{"loc":{"start":{"line":287,"column":10},"end":{"line":287,"column":67}},"type":"binary-expr","locations":[{"start":{"line":287,"column":10},"end":{"line":287,"column":31}},{"start":{"line":287,"column":35},"end":{"line":287,"column":67}}]},"30":{"loc":{"start":{"line":291,"column":22},"end":{"line":291,"column":61}},"type":"binary-expr","locations":[{"start":{"line":291,"column":22},"end":{"line":291,"column":41}},{"start":{"line":291,"column":45},"end":{"line":291,"column":61}}]}},"s":{"0":2,"1":7,"2":7,"3":7,"4":7,"5":0,"6":0,"7":0,"8":0,"9":0,"10":7,"11":0,"12":0,"13":0,"14":0,"15":0,"16":7,"17":0,"18":0,"19":0,"20":0,"21":0,"22":7,"23":0,"24":0,"25":0,"26":0,"27":0,"28":0,"29":7,"30":0,"31":0,"32":0,"33":0,"34":0,"35":7,"36":0,"37":0,"38":7,"39":7,"40":7,"41":7,"42":0,"43":0,"44":0,"45":0,"46":0,"47":0,"48":0,"49":0,"50":7,"51":0,"52":0,"53":0,"54":0,"55":0,"56":0,"57":0,"58":0,"59":0,"60":0,"61":2,"62":2,"63":2,"64":0,"65":0,"66":2,"67":2,"68":2,"69":1,"70":1,"71":1,"72":0,"73":1,"74":1,"75":1,"76":0,"77":0,"78":0,"79":0,"80":0,"81":0,"82":0,"83":3,"84":3,"85":3,"86":0,"87":0,"88":0,"89":0,"90":0,"91":0,"92":0,"93":0,"94":0,"95":0,"96":0,"97":0,"98":0,"99":0,"100":0,"101":0,"102":0,"103":0,"104":0,"105":0,"106":0,"107":0,"108":0,"109":0,"110":0,"111":0,"112":0,"113":0,"114":0,"115":0,"116":0,"117":0,"118":0,"119":0,"120":0,"121":0,"122":0,"123":0,"124":0,"125":0,"126":0,"127":0,"128":0,"129":0,"130":0,"131":0,"132":0,"133":0,"134":0,"135":0,"136":0,"137":0,"138":0,"139":2},"f":{"0":7,"1":0,"2":0,"3":0,"4":0,"5":0,"6":0,"7":0,"8":0,"9":0,"10":0,"11":0,"12":0,"13":0,"14":0,"15":0,"16":0,"17":0,"18":0,"19":0,"20":0,"21":0,"22":0,"23":0,"24":0,"25":0,"26":0,"27":0,"28":0,"29":0,"30":0,"31":0,"32":2,"33":1,"34":0,"35":3,"36":0,"37":0,"38":0,"39":0,"40":0,"41":0,"42":0,"43":0,"44":0,"45":0,"46":0,"47":0,"48":0,"49":0},"b":{"0":[0,0],"1":[0,0],"2":[0],"3":[0],"4":[0,0,0],"5":[0],"6":[2,0],"7":[2,2],"8":[0],"9":[1,0],"10":[1,1],"11":[0],"12":[0,0],"13":[0,0],"14":[3],"15":[0],"16":[0],"17":[0,0],"18":[0,0],"19":[0],"20":[0,0],"21":[0,0],"22":[0],"23":[0,0],"24":[0,0],"25":[0],"26":[0,0],"27":[0,0],"28":[0],"29":[0,0],"30":[0,0]}}
,"/Users/lukasbuck/Code/projects/mini_crm/sdk/src/client/index.ts": {"path":"/Users/lukasbuck/Code/projects/mini_crm/sdk/src/client/index.ts","statementMap":{"0":{"start":{"line":5,"column":0},"end":{"line":5,"column":28}}},"fnMap":{},"branchMap":{},"s":{"0":0},"f":{},"b":{}}
,"/Users/lukasbuck/Code/projects/mini_crm/sdk/src/core/MiniCRM.ts": {"path":"/Users/lukasbuck/Code/projects/mini_crm/sdk/src/core/MiniCRM.ts","statementMap":{"0":{"start":{"line":2,"column":0},"end":{"line":2,"column":48}},"1":{"start":{"line":3,"column":0},"end":{"line":3,"column":52}},"2":{"start":{"line":4,"column":0},"end":{"line":4,"column":56}},"3":{"start":{"line":5,"column":0},"end":{"line":5,"column":59}},"4":{"start":{"line":6,"column":0},"end":{"line":6,"column":41}},"5":{"start":{"line":24,"column":4},"end":{"line":24,"column":46}},"6":{"start":{"line":25,"column":4},"end":{"line":25,"column":74}},"7":{"start":{"line":26,"column":4},"end":{"line":26,"column":40}},"8":{"start":{"line":27,"column":4},"end":{"line":27,"column":71}},"9":{"start":{"line":30,"column":4},"end":{"line":34,"column":5}},"10":{"start":{"line":31,"column":6},"end":{"line":33,"column":9}},"11":{"start":{"line":32,"column":8},"end":{"line":32,"column":43}},"12":{"start":{"line":37,"column":20},"end":{"line":37,"column":140}},"13":{"start":{"line":38,"column":4},"end":{"line":38,"column":57}},"14":{"start":{"line":41,"column":4},"end":{"line":46,"column":6}},"15":{"start":{"line":54,"column":4},"end":{"line":54,"column":64}},"16":{"start":{"line":56,"column":4},"end":{"line":72,"column":5}},"17":{"start":{"line":58,"column":6},"end":{"line":58,"column":32}},"18":{"start":{"line":61,"column":6},"end":{"line":61,"column":37}},"19":{"start":{"line":65,"column":6},"end":{"line":68,"column":8}},"20":{"start":{"line":70,"column":6},"end":{"line":70,"column":111}},"21":{"start":{"line":71,"column":6},"end":{"line":71,"column":18}},"22":{"start":{"line":80,"column":4},"end":{"line":80,"column":30}},"23":{"start":{"line":88,"column":4},"end":{"line":88,"column":29}},"24":{"start":{"line":96,"column":4},"end":{"line":96,"column":52}},"25":{"start":{"line":97,"column":4},"end":{"line":103,"column":5}},"26":{"start":{"line":98,"column":6},"end":{"line":98,"column":36}},"27":{"start":{"line":99,"column":6},"end":{"line":99,"column":63}},"28":{"start":{"line":101,"column":6},"end":{"line":101,"column":110}},"29":{"start":{"line":102,"column":6},"end":{"line":102,"column":18}},"30":{"start":{"line":111,"column":4},"end":{"line":111,"column":44}},"31":{"start":{"line":119,"column":21},"end":{"line":119,"column":72}},"32":{"start":{"line":120,"column":4},"end":{"line":120,"column":52}},"33":{"start":{"line":128,"column":4},"end":{"line":128,"column":26}},"34":{"start":{"line":136,"column":4},"end":{"line":136,"column":25}},"35":{"start":{"line":146,"column":22},"end":{"line":146,"column":65}},"36":{"start":{"line":148,"column":17},"end":{"line":148,"column":54}},"37":{"start":{"line":149,"column":4},"end":{"line":152,"column":6}},"38":{"start":{"line":160,"column":4},"end":{"line":160,"column":49}},"39":{"start":{"line":169,"column":21},"end":{"line":169,"column":86}},"40":{"start":{"line":170,"column":4},"end":{"line":173,"column":6}},"41":{"start":{"line":183,"column":4},"end":{"line":183,"column":75}},"42":{"start":{"line":192,"column":4},"end":{"line":194,"column":5}},"43":{"start":{"line":193,"column":6},"end":{"line":193,"column":51}},"44":{"start":{"line":197,"column":41},"end":{"line":214,"column":6}},"45":{"start":{"line":217,"column":40},"end":{"line":222,"column":6}},"46":{"start":{"line":224,"column":4},"end":{"line":224,"column":24}},"47":{"start":{"line":11,"column":0},"end":{"line":11,"column":13}}},"fnMap":{"0":{"name":"(anonymous_0)","decl":{"start":{"line":23,"column":2},"end":{"line":23,"column":14}},"loc":{"start":{"line":23,"column":44},"end":{"line":47,"column":3}}},"1":{"name":"(anonymous_1)","decl":{"start":{"line":31,"column":33},"end":{"line":31,"column":38}},"loc":{"start":{"line":31,"column":41},"end":{"line":33,"column":7}}},"2":{"name":"(anonymous_2)","decl":{"start":{"line":53,"column":2},"end":{"line":53,"column":7}},"loc":{"start":{"line":53,"column":19},"end":{"line":73,"column":3}}},"3":{"name":"(anonymous_3)","decl":{"start":{"line":79,"column":2},"end":{"line":79,"column":7}},"loc":{"start":{"line":79,"column":13},"end":{"line":81,"column":3}}},"4":{"name":"(anonymous_4)","decl":{"start":{"line":87,"column":2},"end":{"line":87,"column":7}},"loc":{"start":{"line":87,"column":12},"end":{"line":89,"column":3}}},"5":{"name":"(anonymous_5)","decl":{"start":{"line":95,"column":2},"end":{"line":95,"column":7}},"loc":{"start":{"line":95,"column":18},"end":{"line":104,"column":3}}},"6":{"name":"(anonymous_6)","decl":{"start":{"line":110,"column":2},"end":{"line":110,"column":15}},"loc":{"start":{"line":110,"column":31},"end":{"line":112,"column":3}}},"7":{"name":"(anonymous_7)","decl":{"start":{"line":118,"column":2},"end":{"line":118,"column":7}},"loc":{"start":{"line":118,"column":40},"end":{"line":121,"column":3}}},"8":{"name":"(anonymous_8)","decl":{"start":{"line":127,"column":2},"end":{"line":127,"column":14}},"loc":{"start":{"line":127,"column":14},"end":{"line":129,"column":3}}},"9":{"name":"(anonymous_9)","decl":{"start":{"line":135,"column":2},"end":{"line":135,"column":18}},"loc":{"start":{"line":135,"column":18},"end":{"line":137,"column":3}}},"10":{"name":"(anonymous_10)","decl":{"start":{"line":145,"column":2},"end":{"line":145,"column":7}},"loc":{"start":{"line":145,"column":45},"end":{"line":153,"column":3}}},"11":{"name":"(anonymous_11)","decl":{"start":{"line":159,"column":2},"end":{"line":159,"column":7}},"loc":{"start":{"line":159,"column":22},"end":{"line":161,"column":3}}},"12":{"name":"(anonymous_12)","decl":{"start":{"line":168,"column":2},"end":{"line":168,"column":7}},"loc":{"start":{"line":168,"column":63},"end":{"line":174,"column":3}}},"13":{"name":"(anonymous_13)","decl":{"start":{"line":182,"column":2},"end":{"line":182,"column":7}},"loc":{"start":{"line":182,"column":50},"end":{"line":184,"column":3}}},"14":{"name":"(anonymous_14)","decl":{"start":{"line":191,"column":10},"end":{"line":191,"column":24}},"loc":{"start":{"line":191,"column":55},"end":{"line":225,"column":3}}}},"branchMap":{"0":{"loc":{"start":{"line":25,"column":29},"end":{"line":25,"column":72}},"type":"binary-expr","locations":[{"start":{"line":25,"column":29},"end":{"line":25,"column":62}},{"start":{"line":25,"column":66},"end":{"line":25,"column":72}}]},"1":{"loc":{"start":{"line":30,"column":4},"end":{"line":34,"column":5}},"type":"if","locations":[{"start":{"line":30,"column":4},"end":{"line":34,"column":5}}]},"2":{"loc":{"start":{"line":30,"column":8},"end":{"line":30,"column":63}},"type":"binary-expr","locations":[{"start":{"line":30,"column":8},"end":{"line":30,"column":26}},{"start":{"line":30,"column":30},"end":{"line":30,"column":63}}]},"3":{"loc":{"start":{"line":37,"column":20},"end":{"line":37,"column":140}},"type":"binary-expr","locations":[{"start":{"line":37,"column":20},"end":{"line":37,"column":39}},{"start":{"line":37,"column":43},"end":{"line":37,"column":140}}]},"4":{"loc":{"start":{"line":37,"column":53},"end":{"line":37,"column":97}},"type":"binary-expr","locations":[{"start":{"line":37,"column":53},"end":{"line":37,"column":82}},{"start":{"line":37,"column":86},"end":{"line":37,"column":97}}]},"5":{"loc":{"start":{"line":37,"column":101},"end":{"line":37,"column":138}},"type":"binary-expr","locations":[{"start":{"line":37,"column":101},"end":{"line":37,"column":130}},{"start":{"line":37,"column":134},"end":{"line":37,"column":138}}]},"6":{"loc":{"start":{"line":66,"column":14},"end":{"line":66,"column":51}},"type":"binary-expr","locations":[{"start":{"line":66,"column":14},"end":{"line":66,"column":43}},{"start":{"line":66,"column":47},"end":{"line":66,"column":51}}]},"7":{"loc":{"start":{"line":70,"column":53},"end":{"line":70,"column":107}},"type":"cond-expr","locations":[{"start":{"line":70,"column":78},"end":{"line":70,"column":91}},{"start":{"line":70,"column":94},"end":{"line":70,"column":107}}]},"8":{"loc":{"start":{"line":101,"column":52},"end":{"line":101,"column":106}},"type":"cond-expr","locations":[{"start":{"line":101,"column":77},"end":{"line":101,"column":90}},{"start":{"line":101,"column":93},"end":{"line":101,"column":106}}]},"9":{"loc":{"start":{"line":119,"column":21},"end":{"line":119,"column":72}},"type":"binary-expr","locations":[{"start":{"line":119,"column":21},"end":{"line":119,"column":31}},{"start":{"line":119,"column":35},"end":{"line":119,"column":55}},{"start":{"line":119,"column":59},"end":{"line":119,"column":72}}]},"10":{"loc":{"start":{"line":192,"column":4},"end":{"line":194,"column":5}},"type":"if","locations":[{"start":{"line":192,"column":4},"end":{"line":194,"column":5}}]},"11":{"loc":{"start":{"line":220,"column":49},"end":{"line":220,"column":70}},"type":"binary-expr","locations":[{"start":{"line":220,"column":49},"end":{"line":220,"column":64}},{"start":{"line":220,"column":68},"end":{"line":220,"column":70}}]},"12":{"loc":{"start":{"line":221,"column":57},"end":{"line":221,"column":82}},"type":"binary-expr","locations":[{"start":{"line":221,"column":57},"end":{"line":221,"column":76}},{"start":{"line":221,"column":80},"end":{"line":221,"column":82}}]}},"s":{"0":1,"1":1,"2":1,"3":1,"4":1,"5":7,"6":7,"7":7,"8":7,"9":7,"10":7,"11":0,"12":7,"13":7,"14":7,"15":1,"16":1,"17":1,"18":1,"19":1,"20":0,"21":0,"22":0,"23":0,"24":1,"25":1,"26":1,"27":1,"28":0,"29":0,"30":1,"31":2,"32":2,"33":0,"34":0,"35":1,"36":1,"37":1,"38":0,"39":1,"40":1,"41":0,"42":7,"43":0,"44":7,"45":7,"46":7,"47":1},"f":{"0":7,"1":0,"2":1,"3":0,"4":0,"5":1,"6":1,"7":2,"8":0,"9":0,"10":1,"11":0,"12":1,"13":0,"14":7},"b":{"0":[7,0],"1":[7],"2":[7,7],"3":[7,0],"4":[0,0],"5":[0,0],"6":[1,0],"7":[0,0],"8":[0,0],"9":[2,2,2],"10":[0],"11":[7,0],"12":[7,0]}}
,"/Users/lukasbuck/Code/projects/mini_crm/sdk/src/generator/CodeGenerator.ts": {"path":"/Users/lukasbuck/Code/projects/mini_crm/sdk/src/generator/CodeGenerator.ts","statementMap":{"0":{"start":{"line":1,"column":0},"end":{"line":1,"column":26}},"1":{"start":{"line":2,"column":0},"end":{"line":2,"column":24}},"2":{"start":{"line":3,"column":0},"end":{"line":3,"column":36}},"3":{"start":{"line":7,"column":0},"end":{"line":7,"column":66}},"4":{"start":{"line":23,"column":4},"end":{"line":23,"column":39}},"5":{"start":{"line":24,"column":4},"end":{"line":24,"column":25}},"6":{"start":{"line":25,"column":4},"end":{"line":25,"column":42}},"7":{"start":{"line":28,"column":4},"end":{"line":28,"column":37}},"8":{"start":{"line":36,"column":4},"end":{"line":36,"column":61}},"9":{"start":{"line":38,"column":4},"end":{"line":76,"column":5}},"10":{"start":{"line":40,"column":21},"end":{"line":40,"column":54}},"11":{"start":{"line":41,"column":6},"end":{"line":44,"column":7}},"12":{"start":{"line":42,"column":8},"end":{"line":42,"column":65}},"13":{"start":{"line":43,"column":8},"end":{"line":43,"column":15}},"14":{"start":{"line":47,"column":25},"end":{"line":47,"column":57}},"15":{"start":{"line":48,"column":24},"end":{"line":48,"column":55}},"16":{"start":{"line":49,"column":29},"end":{"line":49,"column":65}},"17":{"start":{"line":50,"column":24},"end":{"line":50,"column":55}},"18":{"start":{"line":52,"column":6},"end":{"line":52,"column":37}},"19":{"start":{"line":53,"column":6},"end":{"line":53,"column":36}},"20":{"start":{"line":54,"column":6},"end":{"line":54,"column":41}},"21":{"start":{"line":55,"column":6},"end":{"line":55,"column":36}},"22":{"start":{"line":58,"column":6},"end":{"line":58,"column":47}},"23":{"start":{"line":61,"column":6},"end":{"line":61,"column":51}},"24":{"start":{"line":64,"column":6},"end":{"line":64,"column":61}},"25":{"start":{"line":67,"column":6},"end":{"line":67,"column":51}},"26":{"start":{"line":70,"column":6},"end":{"line":70,"column":52}},"27":{"start":{"line":72,"column":6},"end":{"line":72,"column":65}},"28":{"start":{"line":74,"column":6},"end":{"line":74,"column":58}},"29":{"start":{"line":75,"column":6},"end":{"line":75,"column":18}},"30":{"start":{"line":84,"column":25},"end":{"line":98,"column":2}},"31":{"start":{"line":100,"column":22},"end":{"line":100,"column":52}},"32":{"start":{"line":101,"column":4},"end":{"line":101,"column":48}},"33":{"start":{"line":102,"column":4},"end":{"line":102,"column":58}},"34":{"start":{"line":111,"column":4},"end":{"line":135,"column":5}},"35":{"start":{"line":112,"column":27},"end":{"line":112,"column":58}},"36":{"start":{"line":115,"column":30},"end":{"line":115,"column":69}},"37":{"start":{"line":116,"column":23},"end":{"line":116,"column":58}},"38":{"start":{"line":119,"column":6},"end":{"line":131,"column":7}},"39":{"start":{"line":120,"column":8},"end":{"line":120,"column":67}},"40":{"start":{"line":122,"column":23},"end":{"line":125,"column":10}},"41":{"start":{"line":127,"column":27},"end":{"line":127,"column":81}},"42":{"start":{"line":128,"column":8},"end":{"line":128,"column":47}},"43":{"start":{"line":130,"column":8},"end":{"line":130,"column":76}},"44":{"start":{"line":133,"column":6},"end":{"line":133,"column":112}},"45":{"start":{"line":134,"column":6},"end":{"line":134,"column":18}},"46":{"start":{"line":144,"column":4},"end":{"line":168,"column":5}},"47":{"start":{"line":145,"column":27},"end":{"line":145,"column":63}},"48":{"start":{"line":148,"column":30},"end":{"line":148,"column":69}},"49":{"start":{"line":149,"column":23},"end":{"line":149,"column":58}},"50":{"start":{"line":152,"column":6},"end":{"line":164,"column":7}},"51":{"start":{"line":153,"column":8},"end":{"line":153,"column":72}},"52":{"start":{"line":155,"column":23},"end":{"line":158,"column":10}},"53":{"start":{"line":160,"column":27},"end":{"line":160,"column":92}},"54":{"start":{"line":161,"column":8},"end":{"line":161,"column":47}},"55":{"start":{"line":163,"column":8},"end":{"line":163,"column":81}},"56":{"start":{"line":166,"column":6},"end":{"line":166,"column":117}},"57":{"start":{"line":167,"column":6},"end":{"line":167,"column":18}},"58":{"start":{"line":177,"column":4},"end":{"line":199,"column":5}},"59":{"start":{"line":178,"column":27},"end":{"line":178,"column":59}},"60":{"start":{"line":181,"column":30},"end":{"line":181,"column":69}},"61":{"start":{"line":182,"column":23},"end":{"line":182,"column":58}},"62":{"start":{"line":185,"column":6},"end":{"line":185,"column":53}},"63":{"start":{"line":187,"column":21},"end":{"line":190,"column":8}},"64":{"start":{"line":192,"column":25},"end":{"line":192,"column":65}},"65":{"start":{"line":193,"column":6},"end":{"line":193,"column":45}},"66":{"start":{"line":195,"column":6},"end":{"line":195,"column":61}},"67":{"start":{"line":197,"column":6},"end":{"line":197,"column":112}},"68":{"start":{"line":198,"column":6},"end":{"line":198,"column":18}},"69":{"start":{"line":208,"column":4},"end":{"line":230,"column":5}},"70":{"start":{"line":209,"column":27},"end":{"line":209,"column":57}},"71":{"start":{"line":212,"column":30},"end":{"line":212,"column":69}},"72":{"start":{"line":213,"column":23},"end":{"line":213,"column":58}},"73":{"start":{"line":216,"column":6},"end":{"line":216,"column":51}},"74":{"start":{"line":218,"column":21},"end":{"line":221,"column":8}},"75":{"start":{"line":223,"column":25},"end":{"line":223,"column":65}},"76":{"start":{"line":224,"column":6},"end":{"line":224,"column":45}},"77":{"start":{"line":226,"column":6},"end":{"line":226,"column":64}},"78":{"start":{"line":228,"column":6},"end":{"line":228,"column":115}},"79":{"start":{"line":229,"column":6},"end":{"line":229,"column":18}},"80":{"start":{"line":238,"column":4},"end":{"line":259,"column":7}},"81":{"start":{"line":239,"column":6},"end":{"line":258,"column":7}},"82":{"start":{"line":241,"column":10},"end":{"line":241,"column":26}},"83":{"start":{"line":243,"column":10},"end":{"line":243,"column":27}},"84":{"start":{"line":245,"column":10},"end":{"line":245,"column":24}},"85":{"start":{"line":247,"column":10},"end":{"line":247,"column":29}},"86":{"start":{"line":249,"column":10},"end":{"line":249,"column":24}},"87":{"start":{"line":251,"column":10},"end":{"line":254,"column":11}},"88":{"start":{"line":252,"column":27},"end":{"line":252,"column":58}},"89":{"start":{"line":253,"column":12},"end":{"line":253,"column":33}},"90":{"start":{"line":255,"column":10},"end":{"line":255,"column":33}},"91":{"start":{"line":257,"column":10},"end":{"line":257,"column":31}},"92":{"start":{"line":262,"column":4},"end":{"line":271,"column":7}},"93":{"start":{"line":263,"column":6},"end":{"line":263,"column":26}},"94":{"start":{"line":263,"column":16},"end":{"line":263,"column":26}},"95":{"start":{"line":266,"column":6},"end":{"line":268,"column":7}},"96":{"start":{"line":267,"column":8},"end":{"line":267,"column":58}},"97":{"start":{"line":270,"column":6},"end":{"line":270,"column":79}},"98":{"start":{"line":270,"column":57},"end":{"line":270,"column":77}},"99":{"start":{"line":274,"column":4},"end":{"line":284,"column":7}},"100":{"start":{"line":275,"column":6},"end":{"line":275,"column":26}},"101":{"start":{"line":275,"column":16},"end":{"line":275,"column":26}},"102":{"start":{"line":277,"column":19},"end":{"line":277,"column":22}},"103":{"start":{"line":280,"column":6},"end":{"line":280,"column":84}},"104":{"start":{"line":280,"column":62},"end":{"line":280,"column":82}},"105":{"start":{"line":283,"column":6},"end":{"line":283,"column":62}},"106":{"start":{"line":287,"column":4},"end":{"line":290,"column":7}},"107":{"start":{"line":288,"column":6},"end":{"line":288,"column":26}},"108":{"start":{"line":288,"column":16},"end":{"line":288,"column":26}},"109":{"start":{"line":289,"column":6},"end":{"line":289,"column":67}},"110":{"start":{"line":293,"column":4},"end":{"line":295,"column":7}},"111":{"start":{"line":294,"column":6},"end":{"line":294,"column":64}},"112":{"start":{"line":298,"column":4},"end":{"line":300,"column":7}},"113":{"start":{"line":299,"column":6},"end":{"line":299,"column":44}},"114":{"start":{"line":309,"column":4},"end":{"line":322,"column":5}},"115":{"start":{"line":311,"column":8},"end":{"line":311,"column":24}},"116":{"start":{"line":313,"column":8},"end":{"line":313,"column":25}},"117":{"start":{"line":315,"column":8},"end":{"line":315,"column":22}},"118":{"start":{"line":317,"column":8},"end":{"line":317,"column":27}},"119":{"start":{"line":319,"column":8},"end":{"line":319,"column":22}},"120":{"start":{"line":321,"column":8},"end":{"line":321,"column":29}},"121":{"start":{"line":12,"column":0},"end":{"line":12,"column":13}}},"fnMap":{"0":{"name":"(anonymous_1)","decl":{"start":{"line":22,"column":2},"end":{"line":22,"column":14}},"loc":{"start":{"line":22,"column":58},"end":{"line":29,"column":3}}},"1":{"name":"(anonymous_2)","decl":{"start":{"line":35,"column":2},"end":{"line":35,"column":7}},"loc":{"start":{"line":35,"column":37},"end":{"line":77,"column":3}}},"2":{"name":"(anonymous_3)","decl":{"start":{"line":83,"column":10},"end":{"line":83,"column":15}},"loc":{"start":{"line":83,"column":51},"end":{"line":103,"column":3}}},"3":{"name":"(anonymous_4)","decl":{"start":{"line":110,"column":10},"end":{"line":110,"column":15}},"loc":{"start":{"line":110,"column":76},"end":{"line":136,"column":3}}},"4":{"name":"(anonymous_5)","decl":{"start":{"line":143,"column":10},"end":{"line":143,"column":15}},"loc":{"start":{"line":143,"column":81},"end":{"line":169,"column":3}}},"5":{"name":"(anonymous_6)","decl":{"start":{"line":176,"column":10},"end":{"line":176,"column":15}},"loc":{"start":{"line":176,"column":76},"end":{"line":200,"column":3}}},"6":{"name":"(anonymous_7)","decl":{"start":{"line":207,"column":10},"end":{"line":207,"column":15}},"loc":{"start":{"line":207,"column":77},"end":{"line":231,"column":3}}},"7":{"name":"(anonymous_8)","decl":{"start":{"line":236,"column":10},"end":{"line":236,"column":35}},"loc":{"start":{"line":236,"column":35},"end":{"line":301,"column":3}}},"8":{"name":"(anonymous_9)","decl":{"start":{"line":238,"column":40},"end":{"line":238,"column":41}},"loc":{"start":{"line":238,"column":72},"end":{"line":259,"column":5}}},"9":{"name":"(anonymous_10)","decl":{"start":{"line":262,"column":43},"end":{"line":262,"column":44}},"loc":{"start":{"line":262,"column":59},"end":{"line":271,"column":5}}},"10":{"name":"(anonymous_11)","decl":{"start":{"line":270,"column":38},"end":{"line":270,"column":39}},"loc":{"start":{"line":270,"column":57},"end":{"line":270,"column":77}}},"11":{"name":"(anonymous_12)","decl":{"start":{"line":274,"column":44},"end":{"line":274,"column":45}},"loc":{"start":{"line":274,"column":60},"end":{"line":284,"column":5}}},"12":{"name":"(anonymous_13)","decl":{"start":{"line":280,"column":43},"end":{"line":280,"column":44}},"loc":{"start":{"line":280,"column":62},"end":{"line":280,"column":82}}},"13":{"name":"(anonymous_14)","decl":{"start":{"line":287,"column":43},"end":{"line":287,"column":44}},"loc":{"start":{"line":287,"column":59},"end":{"line":290,"column":5}}},"14":{"name":"(anonymous_15)","decl":{"start":{"line":293,"column":36},"end":{"line":293,"column":56}},"loc":{"start":{"line":293,"column":84},"end":{"line":295,"column":5}}},"15":{"name":"(anonymous_16)","decl":{"start":{"line":298,"column":38},"end":{"line":298,"column":58}},"loc":{"start":{"line":298,"column":69},"end":{"line":300,"column":5}}},"16":{"name":"(anonymous_17)","decl":{"start":{"line":308,"column":10},"end":{"line":308,"column":19}},"loc":{"start":{"line":308,"column":32},"end":{"line":323,"column":3}}}},"branchMap":{"0":{"loc":{"start":{"line":41,"column":6},"end":{"line":44,"column":7}},"type":"if","locations":[{"start":{"line":41,"column":6},"end":{"line":44,"column":7}}]},"1":{"loc":{"start":{"line":133,"column":54},"end":{"line":133,"column":108}},"type":"cond-expr","locations":[{"start":{"line":133,"column":79},"end":{"line":133,"column":92}},{"start":{"line":133,"column":95},"end":{"line":133,"column":108}}]},"2":{"loc":{"start":{"line":166,"column":59},"end":{"line":166,"column":113}},"type":"cond-expr","locations":[{"start":{"line":166,"column":84},"end":{"line":166,"column":97}},{"start":{"line":166,"column":100},"end":{"line":166,"column":113}}]},"3":{"loc":{"start":{"line":197,"column":54},"end":{"line":197,"column":108}},"type":"cond-expr","locations":[{"start":{"line":197,"column":79},"end":{"line":197,"column":92}},{"start":{"line":197,"column":95},"end":{"line":197,"column":108}}]},"4":{"loc":{"start":{"line":228,"column":57},"end":{"line":228,"column":111}},"type":"cond-expr","locations":[{"start":{"line":228,"column":82},"end":{"line":228,"column":95}},{"start":{"line":228,"column":98},"end":{"line":228,"column":111}}]},"5":{"loc":{"start":{"line":239,"column":6},"end":{"line":258,"column":7}},"type":"switch","locations":[{"start":{"line":240,"column":8},"end":{"line":241,"column":26}},{"start":{"line":242,"column":8},"end":{"line":243,"column":27}},{"start":{"line":244,"column":8},"end":{"line":245,"column":24}},{"start":{"line":246,"column":8},"end":{"line":247,"column":29}},{"start":{"line":248,"column":8},"end":{"line":249,"column":24}},{"start":{"line":250,"column":8},"end":{"line":255,"column":33}},{"start":{"line":256,"column":8},"end":{"line":257,"column":31}}]},"6":{"loc":{"start":{"line":251,"column":10},"end":{"line":254,"column":11}},"type":"if","locations":[{"start":{"line":251,"column":10},"end":{"line":254,"column":11}}]},"7":{"loc":{"start":{"line":251,"column":14},"end":{"line":251,"column":56}},"type":"binary-expr","locations":[{"start":{"line":251,"column":14},"end":{"line":251,"column":21}},{"start":{"line":251,"column":25},"end":{"line":251,"column":37}},{"start":{"line":251,"column":41},"end":{"line":251,"column":56}}]},"8":{"loc":{"start":{"line":263,"column":6},"end":{"line":263,"column":26}},"type":"if","locations":[{"start":{"line":263,"column":6},"end":{"line":263,"column":26}}]},"9":{"loc":{"start":{"line":266,"column":6},"end":{"line":268,"column":7}},"type":"if","locations":[{"start":{"line":266,"column":6},"end":{"line":268,"column":7}}]},"10":{"loc":{"start":{"line":275,"column":6},"end":{"line":275,"column":26}},"type":"if","locations":[{"start":{"line":275,"column":6},"end":{"line":275,"column":26}}]},"11":{"loc":{"start":{"line":288,"column":6},"end":{"line":288,"column":26}},"type":"if","locations":[{"start":{"line":288,"column":6},"end":{"line":288,"column":26}}]},"12":{"loc":{"start":{"line":294,"column":13},"end":{"line":294,"column":63}},"type":"cond-expr","locations":[{"start":{"line":294,"column":23},"end":{"line":294,"column":39}},{"start":{"line":294,"column":42},"end":{"line":294,"column":63}}]},"13":{"loc":{"start":{"line":309,"column":4},"end":{"line":322,"column":5}},"type":"switch","locations":[{"start":{"line":310,"column":6},"end":{"line":311,"column":24}},{"start":{"line":312,"column":6},"end":{"line":313,"column":25}},{"start":{"line":314,"column":6},"end":{"line":315,"column":22}},{"start":{"line":316,"column":6},"end":{"line":317,"column":27}},{"start":{"line":318,"column":6},"end":{"line":319,"column":22}},{"start":{"line":320,"column":6},"end":{"line":321,"column":29}}]}},"s":{"0":2,"1":2,"2":2,"3":2,"4":3,"5":3,"6":3,"7":0,"8":0,"9":0,"10":0,"11":0,"12":0,"13":0,"14":0,"15":0,"16":0,"17":0,"18":0,"19":0,"20":0,"21":0,"22":0,"23":0,"24":0,"25":0,"26":0,"27":0,"28":0,"29":0,"30":0,"31":0,"32":0,"33":0,"34":0,"35":0,"36":0,"37":0,"38":0,"39":0,"40":0,"41":0,"42":0,"43":0,"44":0,"45":0,"46":0,"47":0,"48":0,"49":0,"50":0,"51":0,"52":0,"53":0,"54":0,"55":0,"56":0,"57":0,"58":0,"59":0,"60":0,"61":0,"62":0,"63":0,"64":0,"65":0,"66":0,"67":0,"68":0,"69":0,"70":0,"71":0,"72":0,"73":0,"74":0,"75":0,"76":0,"77":0,"78":0,"79":0,"80":0,"81":0,"82":0,"83":0,"84":0,"85":0,"86":0,"87":0,"88":0,"89":0,"90":0,"91":0,"92":0,"93":0,"94":0,"95":0,"96":0,"97":0,"98":0,"99":0,"100":0,"101":0,"102":0,"103":0,"104":0,"105":0,"106":0,"107":0,"108":0,"109":0,"110":0,"111":0,"112":0,"113":0,"114":0,"115":0,"116":0,"117":0,"118":0,"119":0,"120":0,"121":2},"f":{"0":3,"1":0,"2":0,"3":0,"4":0,"5":0,"6":0,"7":0,"8":0,"9":0,"10":0,"11":0,"12":0,"13":0,"14":0,"15":0,"16":0},"b":{"0":[0],"1":[0,0],"2":[0,0],"3":[0,0],"4":[0,0],"5":[0,0,0,0,0,0,0],"6":[0],"7":[0,0,0],"8":[0],"9":[0],"10":[0],"11":[0],"12":[0,0],"13":[0,0,0,0,0,0]}}
,"/Users/lukasbuck/Code/projects/mini_crm/sdk/src/schema/ModelRegistry.ts": {"path":"/Users/lukasbuck/Code/projects/mini_crm/sdk/src/schema/ModelRegistry.ts","statementMap":{"0":{"start":{"line":2,"column":0},"end":{"line":2,"column":67}},"1":{"start":{"line":11,"column":4},"end":{"line":11,"column":28}},"2":{"start":{"line":20,"column":21},"end":{"line":20,"column":49}},"3":{"start":{"line":21,"column":4},"end":{"line":23,"column":5}},"4":{"start":{"line":22,"column":6},"end":{"line":22,"column":79}},"5":{"start":{"line":26,"column":19},"end":{"line":26,"column":48}},"6":{"start":{"line":27,"column":4},"end":{"line":29,"column":5}},"7":{"start":{"line":28,"column":6},"end":{"line":28,"column":86}},"8":{"start":{"line":32,"column":47},"end":{"line":37,"column":6}},"9":{"start":{"line":40,"column":4},"end":{"line":40,"column":53}},"10":{"start":{"line":49,"column":50},"end":{"line":49,"column":52}},"11":{"start":{"line":51,"column":4},"end":{"line":61,"column":5}},"12":{"start":{"line":52,"column":6},"end":{"line":60,"column":7}},"13":{"start":{"line":54,"column":8},"end":{"line":59,"column":11}},"14":{"start":{"line":63,"column":4},"end":{"line":63,"column":21}},"15":{"start":{"line":72,"column":4},"end":{"line":72,"column":33}},"16":{"start":{"line":80,"column":4},"end":{"line":80,"column":44}},"17":{"start":{"line":89,"column":4},"end":{"line":89,"column":33}},"18":{"start":{"line":97,"column":4},"end":{"line":97,"column":28}},"19":{"start":{"line":104,"column":4},"end":{"line":104,"column":24}},"20":{"start":{"line":7,"column":0},"end":{"line":7,"column":13}}},"fnMap":{"0":{"name":"(anonymous_0)","decl":{"start":{"line":10,"column":2},"end":{"line":10,"column":null}},"loc":{"start":{"line":10,"column":2},"end":{"line":12,"column":3}}},"1":{"name":"(anonymous_1)","decl":{"start":{"line":18,"column":2},"end":{"line":18,"column":15}},"loc":{"start":{"line":18,"column":31},"end":{"line":41,"column":3}}},"2":{"name":"(anonymous_2)","decl":{"start":{"line":48,"column":10},"end":{"line":48,"column":26}},"loc":{"start":{"line":48,"column":58},"end":{"line":64,"column":3}}},"3":{"name":"(anonymous_3)","decl":{"start":{"line":71,"column":2},"end":{"line":71,"column":10}},"loc":{"start":{"line":71,"column":23},"end":{"line":73,"column":3}}},"4":{"name":"(anonymous_4)","decl":{"start":{"line":79,"column":2},"end":{"line":79,"column":14}},"loc":{"start":{"line":79,"column":14},"end":{"line":81,"column":3}}},"5":{"name":"(anonymous_5)","decl":{"start":{"line":88,"column":2},"end":{"line":88,"column":10}},"loc":{"start":{"line":88,"column":23},"end":{"line":90,"column":3}}},"6":{"name":"(anonymous_6)","decl":{"start":{"line":96,"column":2},"end":{"line":96,"column":15}},"loc":{"start":{"line":96,"column":15},"end":{"line":98,"column":3}}},"7":{"name":"(anonymous_7)","decl":{"start":{"line":103,"column":2},"end":{"line":103,"column":7}},"loc":{"start":{"line":103,"column":7},"end":{"line":105,"column":3}}}},"branchMap":{"0":{"loc":{"start":{"line":21,"column":4},"end":{"line":23,"column":5}},"type":"if","locations":[{"start":{"line":21,"column":4},"end":{"line":23,"column":5}}]},"1":{"loc":{"start":{"line":27,"column":4},"end":{"line":29,"column":5}},"type":"if","locations":[{"start":{"line":27,"column":4},"end":{"line":29,"column":5}}]},"2":{"loc":{"start":{"line":27,"column":8},"end":{"line":27,"column":33}},"type":"binary-expr","locations":[{"start":{"line":27,"column":8},"end":{"line":27,"column":15}},{"start":{"line":27,"column":19},"end":{"line":27,"column":33}}]},"3":{"loc":{"start":{"line":52,"column":6},"end":{"line":60,"column":7}},"type":"if","locations":[{"start":{"line":52,"column":6},"end":{"line":60,"column":7}}]},"4":{"loc":{"start":{"line":52,"column":10},"end":{"line":52,"column":54}},"type":"binary-expr","locations":[{"start":{"line":52,"column":10},"end":{"line":52,"column":36}},{"start":{"line":52,"column":40},"end":{"line":52,"column":54}}]}},"s":{"0":3,"1":7,"2":4,"3":4,"4":0,"5":4,"6":4,"7":0,"8":4,"9":4,"10":4,"11":4,"12":14,"13":0,"14":4,"15":0,"16":5,"17":0,"18":0,"19":1,"20":3},"f":{"0":7,"1":4,"2":4,"3":0,"4":5,"5":0,"6":0,"7":1},"b":{"0":[0],"1":[0],"2":[4,4],"3":[0],"4":[14,0]}}
,"/Users/lukasbuck/Code/projects/mini_crm/sdk/src/schema/decorators.ts": {"path":"/Users/lukasbuck/Code/projects/mini_crm/sdk/src/schema/decorators.ts","statementMap":{"0":{"start":{"line":34,"column":0},"end":{"line":34,"column":16}},"1":{"start":{"line":61,"column":0},"end":{"line":61,"column":16}},"2":{"start":{"line":123,"column":0},"end":{"line":123,"column":16}},"3":{"start":{"line":131,"column":0},"end":{"line":131,"column":16}},"4":{"start":{"line":1,"column":0},"end":{"line":1,"column":26}},"5":{"start":{"line":2,"column":0},"end":{"line":2,"column":9}},"6":{"start":{"line":5,"column":9},"end":{"line":2,"column":61}},"7":{"start":{"line":7,"column":27},"end":{"line":7,"column":43}},"8":{"start":{"line":8,"column":27},"end":{"line":8,"column":43}},"9":{"start":{"line":35,"column":2},"end":{"line":54,"column":4}},"10":{"start":{"line":37,"column":22},"end":{"line":37,"column":49}},"11":{"start":{"line":40,"column":22},"end":{"line":41,"column":65}},"12":{"start":{"line":44,"column":4},"end":{"line":50,"column":15}},"13":{"start":{"line":53,"column":4},"end":{"line":53,"column":18}},"14":{"start":{"line":62,"column":2},"end":{"line":116,"column":4}},"15":{"start":{"line":64,"column":52},"end":{"line":67,"column":11}},"16":{"start":{"line":70,"column":24},"end":{"line":70,"column":37}},"17":{"start":{"line":73,"column":4},"end":{"line":88,"column":5}},"18":{"start":{"line":74,"column":26},"end":{"line":74,"column":81}},"19":{"start":{"line":75,"column":6},"end":{"line":87,"column":7}},"20":{"start":{"line":76,"column":25},"end":{"line":76,"column":55}},"21":{"start":{"line":78,"column":8},"end":{"line":84,"column":9}},"22":{"start":{"line":79,"column":25},"end":{"line":79,"column":53}},"23":{"start":{"line":79,"column":54},"end":{"line":79,"column":60}},"24":{"start":{"line":80,"column":26},"end":{"line":80,"column":55}},"25":{"start":{"line":80,"column":56},"end":{"line":80,"column":62}},"26":{"start":{"line":81,"column":23},"end":{"line":81,"column":49}},"27":{"start":{"line":81,"column":50},"end":{"line":81,"column":56}},"28":{"start":{"line":82,"column":24},"end":{"line":82,"column":51}},"29":{"start":{"line":82,"column":52},"end":{"line":82,"column":58}},"30":{"start":{"line":83,"column":19},"end":{"line":83,"column":47}},"31":{"start":{"line":86,"column":8},"end":{"line":86,"column":36}},"32":{"start":{"line":91,"column":23},"end":{"line":92,"column":78}},"33":{"start":{"line":95,"column":41},"end":{"line":105,"column":6}},"34":{"start":{"line":108,"column":4},"end":{"line":108,"column":31}},"35":{"start":{"line":111,"column":4},"end":{"line":115,"column":6}},"36":{"start":{"line":124,"column":2},"end":{"line":124,"column":57}},"37":{"start":{"line":132,"column":2},"end":{"line":132,"column":63}}},"fnMap":{"0":{"name":"(anonymous_0)","decl":{"start":{"line":5,"column":9},"end":{"line":5,"column":19}},"loc":{"start":{"line":5,"column":9},"end":{"line":2,"column":61}}},"1":{"name":"Model","decl":{"start":{"line":34,"column":16},"end":{"line":34,"column":21}},"loc":{"start":{"line":34,"column":48},"end":{"line":55,"column":1}}},"2":{"name":"(anonymous_2)","decl":{"start":{"line":35,"column":9},"end":{"line":35,"column":18}},"loc":{"start":{"line":35,"column":29},"end":{"line":54,"column":3}}},"3":{"name":"Field","decl":{"start":{"line":61,"column":16},"end":{"line":61,"column":21}},"loc":{"start":{"line":61,"column":57},"end":{"line":117,"column":1}}},"4":{"name":"(anonymous_4)","decl":{"start":{"line":62,"column":9},"end":{"line":62,"column":18}},"loc":{"start":{"line":62,"column":62},"end":{"line":116,"column":3}}},"5":{"name":"getModelMetadata","decl":{"start":{"line":123,"column":16},"end":{"line":123,"column":32}},"loc":{"start":{"line":123,"column":44},"end":{"line":125,"column":1}}},"6":{"name":"getFieldsMetadata","decl":{"start":{"line":131,"column":16},"end":{"line":131,"column":33}},"loc":{"start":{"line":131,"column":45},"end":{"line":133,"column":1}}}},"branchMap":{"0":{"loc":{"start":{"line":34,"column":22},"end":{"line":34,"column":48}},"type":"default-arg","locations":[{"start":{"line":34,"column":46},"end":{"line":34,"column":48}}]},"1":{"loc":{"start":{"line":37,"column":22},"end":{"line":37,"column":49}},"type":"binary-expr","locations":[{"start":{"line":37,"column":22},"end":{"line":37,"column":34}},{"start":{"line":37,"column":38},"end":{"line":37,"column":49}}]},"2":{"loc":{"start":{"line":40,"column":22},"end":{"line":41,"column":65}},"type":"binary-expr","locations":[{"start":{"line":40,"column":22},"end":{"line":40,"column":39}},{"start":{"line":41,"column":6},"end":{"line":41,"column":65}}]},"3":{"loc":{"start":{"line":47,"column":19},"end":{"line":47,"column":63}},"type":"binary-expr","locations":[{"start":{"line":47,"column":19},"end":{"line":47,"column":38}},{"start":{"line":47,"column":42},"end":{"line":47,"column":63}}]},"4":{"loc":{"start":{"line":48,"column":12},"end":{"line":48,"column":45}},"type":"binary-expr","locations":[{"start":{"line":48,"column":12},"end":{"line":48,"column":24}},{"start":{"line":48,"column":28},"end":{"line":48,"column":45}}]},"5":{"loc":{"start":{"line":61,"column":22},"end":{"line":61,"column":57}},"type":"default-arg","locations":[{"start":{"line":61,"column":55},"end":{"line":61,"column":57}}]},"6":{"loc":{"start":{"line":64,"column":52},"end":{"line":67,"column":11}},"type":"binary-expr","locations":[{"start":{"line":64,"column":52},"end":{"line":66,"column":null}},{"start":{"line":67,"column":9},"end":{"line":67,"column":11}}]},"7":{"loc":{"start":{"line":70,"column":24},"end":{"line":70,"column":37}},"type":"binary-expr","locations":[{"start":{"line":70,"column":24},"end":{"line":70,"column":31}},{"start":{"line":70,"column":35},"end":{"line":70,"column":37}}]},"8":{"loc":{"start":{"line":73,"column":4},"end":{"line":88,"column":5}},"type":"if","locations":[{"start":{"line":73,"column":4},"end":{"line":88,"column":5}}]},"9":{"loc":{"start":{"line":75,"column":6},"end":{"line":87,"column":7}},"type":"if","locations":[{"start":{"line":75,"column":6},"end":{"line":87,"column":7}},{"start":{"line":85,"column":13},"end":{"line":87,"column":7}}]},"10":{"loc":{"start":{"line":78,"column":8},"end":{"line":84,"column":9}},"type":"switch","locations":[{"start":{"line":79,"column":10},"end":{"line":79,"column":60}},{"start":{"line":80,"column":10},"end":{"line":80,"column":62}},{"start":{"line":81,"column":10},"end":{"line":81,"column":56}},{"start":{"line":82,"column":10},"end":{"line":82,"column":58}},{"start":{"line":83,"column":10},"end":{"line":83,"column":47}}]},"11":{"loc":{"start":{"line":91,"column":23},"end":{"line":92,"column":78}},"type":"binary-expr","locations":[{"start":{"line":91,"column":23},"end":{"line":91,"column":45}},{"start":{"line":92,"column":6},"end":{"line":92,"column":78}}]},"12":{"loc":{"start":{"line":98,"column":12},"end":{"line":98,"column":40}},"type":"binary-expr","locations":[{"start":{"line":98,"column":12},"end":{"line":98,"column":28}},{"start":{"line":98,"column":32},"end":{"line":98,"column":40}}]},"13":{"loc":{"start":{"line":132,"column":9},"end":{"line":132,"column":62}},"type":"binary-expr","locations":[{"start":{"line":132,"column":9},"end":{"line":132,"column":56}},{"start":{"line":132,"column":60},"end":{"line":132,"column":62}}]}},"s":{"0":4,"1":4,"2":4,"3":4,"4":4,"5":4,"6":4,"7":4,"8":4,"9":5,"10":5,"11":5,"12":5,"13":5,"14":16,"15":16,"16":16,"17":16,"18":8,"19":8,"20":8,"21":8,"22":5,"23":5,"24":0,"25":0,"26":0,"27":0,"28":0,"29":0,"30":3,"31":0,"32":16,"33":16,"34":16,"35":16,"36":4,"37":4},"f":{"0":0,"1":5,"2":5,"3":16,"4":16,"5":4,"6":4},"b":{"0":[5],"1":[5,5],"2":[5,5],"3":[5,5],"4":[5,5],"5":[3],"6":[16,5],"7":[16,0],"8":[8],"9":[8,0],"10":[5,0,0,0,3],"11":[16,16],"12":[16,0],"13":[4,0]}}
,"/Users/lukasbuck/Code/projects/mini_crm/sdk/src/schema/index.ts": {"path":"/Users/lukasbuck/Code/projects/mini_crm/sdk/src/schema/index.ts","statementMap":{"0":{"start":{"line":5,"column":0},"end":{"line":5,"column":29}},"1":{"start":{"line":6,"column":0},"end":{"line":6,"column":32}}},"fnMap":{},"branchMap":{},"s":{"0":0,"1":0},"f":{},"b":{}}
,"/Users/lukasbuck/Code/projects/mini_crm/sdk/src/server/LocalServer.ts": {"path":"/Users/lukasbuck/Code/projects/mini_crm/sdk/src/server/LocalServer.ts","statementMap":{"0":{"start":{"line":1,"column":0},"end":{"line":1,"column":52}},"1":{"start":{"line":2,"column":0},"end":{"line":2,"column":26}},"2":{"start":{"line":3,"column":0},"end":{"line":3,"column":24}},"3":{"start":{"line":17,"column":10},"end":{"line":17,"column":52}},"4":{"start":{"line":18,"column":10},"end":{"line":18,"column":37}},"5":{"start":{"line":34,"column":4},"end":{"line":34,"column":25}},"6":{"start":{"line":35,"column":4},"end":{"line":35,"column":39}},"7":{"start":{"line":36,"column":4},"end":{"line":36,"column":39}},"8":{"start":{"line":37,"column":4},"end":{"line":37,"column":25}},"9":{"start":{"line":38,"column":4},"end":{"line":38,"column":78}},"10":{"start":{"line":46,"column":4},"end":{"line":49,"column":5}},"11":{"start":{"line":47,"column":6},"end":{"line":47,"column":52}},"12":{"start":{"line":48,"column":6},"end":{"line":48,"column":13}},"13":{"start":{"line":52,"column":4},"end":{"line":52,"column":39}},"14":{"start":{"line":55,"column":4},"end":{"line":55,"column":33}},"15":{"start":{"line":58,"column":4},"end":{"line":75,"column":5}},"16":{"start":{"line":60,"column":6},"end":{"line":60,"column":39}},"17":{"start":{"line":63,"column":6},"end":{"line":63,"column":83}},"18":{"start":{"line":66,"column":6},"end":{"line":66,"column":39}},"19":{"start":{"line":69,"column":6},"end":{"line":69,"column":31}},"20":{"start":{"line":71,"column":6},"end":{"line":71,"column":28}},"21":{"start":{"line":73,"column":6},"end":{"line":73,"column":57}},"22":{"start":{"line":74,"column":6},"end":{"line":74,"column":18}},"23":{"start":{"line":83,"column":4},"end":{"line":86,"column":5}},"24":{"start":{"line":84,"column":6},"end":{"line":84,"column":48}},"25":{"start":{"line":85,"column":6},"end":{"line":85,"column":13}},"26":{"start":{"line":88,"column":4},"end":{"line":117,"column":7}},"27":{"start":{"line":90,"column":6},"end":{"line":90,"column":42}},"28":{"start":{"line":93,"column":22},"end":{"line":98,"column":14}},"29":{"start":{"line":94,"column":8},"end":{"line":97,"column":9}},"30":{"start":{"line":95,"column":10},"end":{"line":95,"column":75}},"31":{"start":{"line":96,"column":10},"end":{"line":96,"column":45}},"32":{"start":{"line":101,"column":6},"end":{"line":107,"column":9}},"33":{"start":{"line":102,"column":8},"end":{"line":102,"column":30}},"34":{"start":{"line":103,"column":8},"end":{"line":103,"column":31}},"35":{"start":{"line":104,"column":8},"end":{"line":104,"column":34}},"36":{"start":{"line":105,"column":8},"end":{"line":105,"column":43}},"37":{"start":{"line":106,"column":8},"end":{"line":106,"column":18}},"38":{"start":{"line":110,"column":6},"end":{"line":116,"column":9}},"39":{"start":{"line":111,"column":8},"end":{"line":111,"column":30}},"40":{"start":{"line":112,"column":8},"end":{"line":112,"column":31}},"41":{"start":{"line":113,"column":8},"end":{"line":113,"column":34}},"42":{"start":{"line":114,"column":8},"end":{"line":114,"column":58}},"43":{"start":{"line":115,"column":8},"end":{"line":115,"column":22}},"44":{"start":{"line":125,"column":4},"end":{"line":125,"column":52}},"45":{"start":{"line":127,"column":4},"end":{"line":148,"column":7}},"46":{"start":{"line":128,"column":22},"end":{"line":128,"column":46}},"47":{"start":{"line":130,"column":19},"end":{"line":130,"column":21}},"48":{"start":{"line":131,"column":6},"end":{"line":133,"column":9}},"49":{"start":{"line":132,"column":8},"end":{"line":132,"column":34}},"50":{"start":{"line":135,"column":6},"end":{"line":138,"column":9}},"51":{"start":{"line":136,"column":8},"end":{"line":136,"column":71}},"52":{"start":{"line":137,"column":8},"end":{"line":137,"column":100}},"53":{"start":{"line":140,"column":6},"end":{"line":147,"column":9}},"54":{"start":{"line":141,"column":8},"end":{"line":146,"column":9}},"55":{"start":{"line":142,"column":10},"end":{"line":142,"column":64}},"56":{"start":{"line":143,"column":10},"end":{"line":143,"column":20}},"57":{"start":{"line":145,"column":10},"end":{"line":145,"column":70}},"58":{"start":{"line":156,"column":4},"end":{"line":156,"column":54}},"59":{"start":{"line":158,"column":4},"end":{"line":185,"column":7}},"60":{"start":{"line":159,"column":24},"end":{"line":162,"column":8}},"61":{"start":{"line":164,"column":6},"end":{"line":166,"column":9}},"62":{"start":{"line":165,"column":8},"end":{"line":165,"column":68}},"63":{"start":{"line":168,"column":6},"end":{"line":170,"column":9}},"64":{"start":{"line":169,"column":8},"end":{"line":169,"column":75}},"65":{"start":{"line":172,"column":6},"end":{"line":175,"column":9}},"66":{"start":{"line":173,"column":8},"end":{"line":173,"column":67}},"67":{"start":{"line":174,"column":8},"end":{"line":174,"column":22}},"68":{"start":{"line":177,"column":6},"end":{"line":184,"column":9}},"69":{"start":{"line":178,"column":8},"end":{"line":183,"column":9}},"70":{"start":{"line":179,"column":10},"end":{"line":179,"column":66}},"71":{"start":{"line":180,"column":10},"end":{"line":180,"column":20}},"72":{"start":{"line":182,"column":10},"end":{"line":182,"column":73}},"73":{"start":{"line":193,"column":4},"end":{"line":193,"column":43}},"74":{"start":{"line":195,"column":4},"end":{"line":294,"column":7}},"75":{"start":{"line":197,"column":18},"end":{"line":213,"column":8}},"76":{"start":{"line":216,"column":6},"end":{"line":219,"column":9}},"77":{"start":{"line":222,"column":26},"end":{"line":222,"column":31}},"78":{"start":{"line":225,"column":6},"end":{"line":237,"column":7}},"79":{"start":{"line":226,"column":8},"end":{"line":236,"column":11}},"80":{"start":{"line":227,"column":25},"end":{"line":227,"column":40}},"81":{"start":{"line":228,"column":10},"end":{"line":228,"column":56}},"82":{"start":{"line":231,"column":10},"end":{"line":235,"column":11}},"83":{"start":{"line":232,"column":12},"end":{"line":232,"column":33}},"84":{"start":{"line":233,"column":12},"end":{"line":233,"column":60}},"85":{"start":{"line":234,"column":12},"end":{"line":234,"column":22}},"86":{"start":{"line":240,"column":6},"end":{"line":252,"column":7}},"87":{"start":{"line":241,"column":8},"end":{"line":251,"column":11}},"88":{"start":{"line":242,"column":25},"end":{"line":242,"column":40}},"89":{"start":{"line":243,"column":10},"end":{"line":243,"column":62}},"90":{"start":{"line":246,"column":10},"end":{"line":250,"column":11}},"91":{"start":{"line":247,"column":12},"end":{"line":247,"column":33}},"92":{"start":{"line":248,"column":12},"end":{"line":248,"column":60}},"93":{"start":{"line":249,"column":12},"end":{"line":249,"column":22}},"94":{"start":{"line":255,"column":6},"end":{"line":262,"column":7}},"95":{"start":{"line":256,"column":8},"end":{"line":261,"column":11}},"96":{"start":{"line":257,"column":10},"end":{"line":257,"column":61}},"97":{"start":{"line":258,"column":10},"end":{"line":258,"column":36}},"98":{"start":{"line":259,"column":10},"end":{"line":259,"column":33}},"99":{"start":{"line":260,"column":10},"end":{"line":260,"column":24}},"100":{"start":{"line":265,"column":6},"end":{"line":280,"column":7}},"101":{"start":{"line":266,"column":8},"end":{"line":279,"column":11}},"102":{"start":{"line":267,"column":10},"end":{"line":278,"column":11}},"103":{"start":{"line":268,"column":12},"end":{"line":268,"column":81}},"104":{"start":{"line":269,"column":12},"end":{"line":269,"column":81}},"105":{"start":{"line":270,"column":17},"end":{"line":278,"column":11}},"106":{"start":{"line":271,"column":12},"end":{"line":271,"column":65}},"107":{"start":{"line":272,"column":12},"end":{"line":272,"column":35}},"108":{"start":{"line":273,"column":12},"end":{"line":273,"column":38}},"109":{"start":{"line":275,"column":12},"end":{"line":275,"column":47}},"110":{"start":{"line":276,"column":12},"end":{"line":276,"column":35}},"111":{"start":{"line":277,"column":12},"end":{"line":277,"column":38}},"112":{"start":{"line":283,"column":6},"end":{"line":293,"column":16}},"113":{"start":{"line":284,"column":8},"end":{"line":292,"column":9}},"114":{"start":{"line":285,"column":10},"end":{"line":285,"column":69}},"115":{"start":{"line":286,"column":10},"end":{"line":289,"column":11}},"116":{"start":{"line":287,"column":12},"end":{"line":287,"column":47}},"117":{"start":{"line":288,"column":12},"end":{"line":288,"column":38}},"118":{"start":{"line":290,"column":10},"end":{"line":290,"column":33}},"119":{"start":{"line":291,"column":10},"end":{"line":291,"column":69}},"120":{"start":{"line":302,"column":20},"end":{"line":302,"column":53}},"121":{"start":{"line":303,"column":4},"end":{"line":303,"column":70}},"122":{"start":{"line":305,"column":16},"end":{"line":320,"column":12}},"123":{"start":{"line":322,"column":4},"end":{"line":322,"column":37}},"124":{"start":{"line":323,"column":4},"end":{"line":323,"column":52}},"125":{"start":{"line":12,"column":0},"end":{"line":12,"column":13}}},"fnMap":{"0":{"name":"(anonymous_1)","decl":{"start":{"line":28,"column":2},"end":{"line":28,"column":null}},"loc":{"start":{"line":32,"column":18},"end":{"line":39,"column":3}}},"1":{"name":"(anonymous_2)","decl":{"start":{"line":45,"column":2},"end":{"line":45,"column":7}},"loc":{"start":{"line":45,"column":13},"end":{"line":76,"column":3}}},"2":{"name":"(anonymous_3)","decl":{"start":{"line":82,"column":2},"end":{"line":82,"column":7}},"loc":{"start":{"line":82,"column":12},"end":{"line":118,"column":3}}},"3":{"name":"(anonymous_4)","decl":{"start":{"line":88,"column":29},"end":{"line":88,"column":30}},"loc":{"start":{"line":88,"column":49},"end":{"line":117,"column":5}}},"4":{"name":"(anonymous_5)","decl":{"start":{"line":93,"column":33},"end":{"line":93,"column":36}},"loc":{"start":{"line":93,"column":38},"end":{"line":98,"column":7}}},"5":{"name":"(anonymous_6)","decl":{"start":{"line":101,"column":37},"end":{"line":101,"column":40}},"loc":{"start":{"line":101,"column":42},"end":{"line":107,"column":7}}},"6":{"name":"(anonymous_7)","decl":{"start":{"line":110,"column":38},"end":{"line":110,"column":39}},"loc":{"start":{"line":110,"column":48},"end":{"line":116,"column":7}}},"7":{"name":"(anonymous_8)","decl":{"start":{"line":124,"column":10},"end":{"line":124,"column":15}},"loc":{"start":{"line":124,"column":35},"end":{"line":149,"column":3}}},"8":{"name":"(anonymous_9)","decl":{"start":{"line":127,"column":29},"end":{"line":127,"column":30}},"loc":{"start":{"line":127,"column":49},"end":{"line":148,"column":5}}},"9":{"name":"(anonymous_10)","decl":{"start":{"line":131,"column":32},"end":{"line":131,"column":33}},"loc":{"start":{"line":131,"column":41},"end":{"line":133,"column":7}}},"10":{"name":"(anonymous_11)","decl":{"start":{"line":135,"column":26},"end":{"line":135,"column":27}},"loc":{"start":{"line":135,"column":36},"end":{"line":138,"column":7}}},"11":{"name":"(anonymous_12)","decl":{"start":{"line":140,"column":25},"end":{"line":140,"column":26}},"loc":{"start":{"line":140,"column":34},"end":{"line":147,"column":7}}},"12":{"name":"(anonymous_13)","decl":{"start":{"line":155,"column":10},"end":{"line":155,"column":15}},"loc":{"start":{"line":155,"column":35},"end":{"line":186,"column":3}}},"13":{"name":"(anonymous_14)","decl":{"start":{"line":158,"column":29},"end":{"line":158,"column":30}},"loc":{"start":{"line":158,"column":49},"end":{"line":185,"column":5}}},"14":{"name":"(anonymous_15)","decl":{"start":{"line":164,"column":34},"end":{"line":164,"column":35}},"loc":{"start":{"line":164,"column":51},"end":{"line":166,"column":7}}},"15":{"name":"(anonymous_16)","decl":{"start":{"line":168,"column":34},"end":{"line":168,"column":35}},"loc":{"start":{"line":168,"column":51},"end":{"line":170,"column":7}}},"16":{"name":"(anonymous_17)","decl":{"start":{"line":172,"column":28},"end":{"line":172,"column":29}},"loc":{"start":{"line":172,"column":45},"end":{"line":175,"column":7}}},"17":{"name":"(anonymous_18)","decl":{"start":{"line":177,"column":27},"end":{"line":177,"column":28}},"loc":{"start":{"line":177,"column":51},"end":{"line":184,"column":7}}},"18":{"name":"(anonymous_19)","decl":{"start":{"line":192,"column":10},"end":{"line":192,"column":15}},"loc":{"start":{"line":192,"column":27},"end":{"line":295,"column":3}}},"19":{"name":"(anonymous_20)","decl":{"start":{"line":195,"column":29},"end":{"line":195,"column":30}},"loc":{"start":{"line":195,"column":49},"end":{"line":294,"column":5}}},"20":{"name":"(anonymous_21)","decl":{"start":{"line":226,"column":45},"end":{"line":226,"column":46}},"loc":{"start":{"line":226,"column":62},"end":{"line":236,"column":9}}},"21":{"name":"(anonymous_22)","decl":{"start":{"line":241,"column":45},"end":{"line":241,"column":46}},"loc":{"start":{"line":241,"column":62},"end":{"line":251,"column":9}}},"22":{"name":"(anonymous_23)","decl":{"start":{"line":256,"column":39},"end":{"line":256,"column":40}},"loc":{"start":{"line":256,"column":56},"end":{"line":261,"column":9}}},"23":{"name":"(anonymous_24)","decl":{"start":{"line":266,"column":38},"end":{"line":266,"column":39}},"loc":{"start":{"line":266,"column":62},"end":{"line":279,"column":9}}},"24":{"name":"(anonymous_25)","decl":{"start":{"line":283,"column":17},"end":{"line":283,"column":20}},"loc":{"start":{"line":283,"column":22},"end":{"line":293,"column":7}}},"25":{"name":"(anonymous_26)","decl":{"start":{"line":301,"column":10},"end":{"line":301,"column":15}},"loc":{"start":{"line":301,"column":31},"end":{"line":324,"column":3}}}},"branchMap":{"0":{"loc":{"start":{"line":38,"column":31},"end":{"line":38,"column":63}},"type":"binary-expr","locations":[{"start":{"line":38,"column":31},"end":{"line":38,"column":46}},{"start":{"line":38,"column":50},"end":{"line":38,"column":63}}]},"1":{"loc":{"start":{"line":46,"column":4},"end":{"line":49,"column":5}},"type":"if","locations":[{"start":{"line":46,"column":4},"end":{"line":49,"column":5}}]},"2":{"loc":{"start":{"line":63,"column":44},"end":{"line":63,"column":81}},"type":"binary-expr","locations":[{"start":{"line":63,"column":44},"end":{"line":63,"column":64}},{"start":{"line":63,"column":68},"end":{"line":63,"column":81}}]},"3":{"loc":{"start":{"line":83,"column":4},"end":{"line":86,"column":5}},"type":"if","locations":[{"start":{"line":83,"column":4},"end":{"line":86,"column":5}}]},"4":{"loc":{"start":{"line":83,"column":8},"end":{"line":83,"column":46}},"type":"binary-expr","locations":[{"start":{"line":83,"column":8},"end":{"line":83,"column":23}},{"start":{"line":83,"column":27},"end":{"line":83,"column":46}}]},"5":{"loc":{"start":{"line":94,"column":8},"end":{"line":97,"column":9}},"type":"if","locations":[{"start":{"line":94,"column":8},"end":{"line":97,"column":9}}]},"6":{"loc":{"start":{"line":141,"column":8},"end":{"line":146,"column":9}},"type":"if","locations":[{"start":{"line":141,"column":8},"end":{"line":146,"column":9}},{"start":{"line":144,"column":15},"end":{"line":146,"column":9}}]},"7":{"loc":{"start":{"line":178,"column":8},"end":{"line":183,"column":9}},"type":"if","locations":[{"start":{"line":178,"column":8},"end":{"line":183,"column":9}},{"start":{"line":181,"column":15},"end":{"line":183,"column":9}}]},"8":{"loc":{"start":{"line":204,"column":24},"end":{"line":204,"column":64}},"type":"binary-expr","locations":[{"start":{"line":204,"column":24},"end":{"line":204,"column":58}},{"start":{"line":204,"column":62},"end":{"line":204,"column":64}}]},"9":{"loc":{"start":{"line":205,"column":31},"end":{"line":205,"column":80}},"type":"binary-expr","locations":[{"start":{"line":205,"column":31},"end":{"line":205,"column":74}},{"start":{"line":205,"column":78},"end":{"line":205,"column":80}}]},"10":{"loc":{"start":{"line":206,"column":15},"end":{"line":206,"column":52}},"type":"binary-expr","locations":[{"start":{"line":206,"column":15},"end":{"line":206,"column":44}},{"start":{"line":206,"column":48},"end":{"line":206,"column":52}}]},"11":{"loc":{"start":{"line":208,"column":25},"end":{"line":208,"column":82}},"type":"binary-expr","locations":[{"start":{"line":208,"column":25},"end":{"line":208,"column":75}},{"start":{"line":208,"column":79},"end":{"line":208,"column":82}}]},"12":{"loc":{"start":{"line":209,"column":19},"end":{"line":209,"column":62}},"type":"binary-expr","locations":[{"start":{"line":209,"column":19},"end":{"line":209,"column":52}},{"start":{"line":209,"column":56},"end":{"line":209,"column":62}}]},"13":{"loc":{"start":{"line":211,"column":22},"end":{"line":211,"column":64}},"type":"cond-expr","locations":[{"start":{"line":211,"column":48},"end":{"line":211,"column":54}},{"start":{"line":211,"column":57},"end":{"line":211,"column":64}}]},"14":{"loc":{"start":{"line":212,"column":24},"end":{"line":212,"column":71}},"type":"cond-expr","locations":[{"start":{"line":212,"column":55},"end":{"line":212,"column":61}},{"start":{"line":212,"column":64},"end":{"line":212,"column":71}}]},"15":{"loc":{"start":{"line":225,"column":6},"end":{"line":237,"column":7}},"type":"if","locations":[{"start":{"line":225,"column":6},"end":{"line":237,"column":7}}]},"16":{"loc":{"start":{"line":225,"column":10},"end":{"line":225,"column":57}},"type":"binary-expr","locations":[{"start":{"line":225,"column":10},"end":{"line":225,"column":28}},{"start":{"line":225,"column":32},"end":{"line":225,"column":57}}]},"17":{"loc":{"start":{"line":231,"column":10},"end":{"line":235,"column":11}},"type":"if","locations":[{"start":{"line":231,"column":10},"end":{"line":235,"column":11}}]},"18":{"loc":{"start":{"line":231,"column":14},"end":{"line":231,"column":79}},"type":"binary-expr","locations":[{"start":{"line":231,"column":14},"end":{"line":231,"column":47}},{"start":{"line":231,"column":51},"end":{"line":231,"column":79}}]},"19":{"loc":{"start":{"line":240,"column":6},"end":{"line":252,"column":7}},"type":"if","locations":[{"start":{"line":240,"column":6},"end":{"line":252,"column":7}}]},"20":{"loc":{"start":{"line":240,"column":10},"end":{"line":240,"column":57}},"type":"binary-expr","locations":[{"start":{"line":240,"column":10},"end":{"line":240,"column":28}},{"start":{"line":240,"column":32},"end":{"line":240,"column":57}}]},"21":{"loc":{"start":{"line":246,"column":10},"end":{"line":250,"column":11}},"type":"if","locations":[{"start":{"line":246,"column":10},"end":{"line":250,"column":11}}]},"22":{"loc":{"start":{"line":246,"column":14},"end":{"line":246,"column":79}},"type":"binary-expr","locations":[{"start":{"line":246,"column":14},"end":{"line":246,"column":47}},{"start":{"line":246,"column":51},"end":{"line":246,"column":79}}]},"23":{"loc":{"start":{"line":255,"column":6},"end":{"line":262,"column":7}},"type":"if","locations":[{"start":{"line":255,"column":6},"end":{"line":262,"column":7}}]},"24":{"loc":{"start":{"line":265,"column":6},"end":{"line":280,"column":7}},"type":"if","locations":[{"start":{"line":265,"column":6},"end":{"line":280,"column":7}}]},"25":{"loc":{"start":{"line":267,"column":10},"end":{"line":278,"column":11}},"type":"if","locations":[{"start":{"line":267,"column":10},"end":{"line":278,"column":11}},{"start":{"line":270,"column":17},"end":{"line":278,"column":11}}]},"26":{"loc":{"start":{"line":270,"column":17},"end":{"line":278,"column":11}},"type":"if","locations":[{"start":{"line":270,"column":17},"end":{"line":278,"column":11}},{"start":{"line":274,"column":17},"end":{"line":278,"column":11}}]},"27":{"loc":{"start":{"line":284,"column":8},"end":{"line":292,"column":9}},"type":"if","locations":[{"start":{"line":284,"column":8},"end":{"line":292,"column":9}}]},"28":{"loc":{"start":{"line":286,"column":10},"end":{"line":289,"column":11}},"type":"if","locations":[{"start":{"line":286,"column":10},"end":{"line":289,"column":11}}]},"29":{"loc":{"start":{"line":311,"column":17},"end":{"line":311,"column":98}},"type":"binary-expr","locations":[{"start":{"line":311,"column":17},"end":{"line":311,"column":51}},{"start":{"line":311,"column":55},"end":{"line":311,"column":98}}]},"30":{"loc":{"start":{"line":312,"column":23},"end":{"line":312,"column":72}},"type":"binary-expr","locations":[{"start":{"line":312,"column":23},"end":{"line":312,"column":66}},{"start":{"line":312,"column":70},"end":{"line":312,"column":72}}]},"31":{"loc":{"start":{"line":315,"column":18},"end":{"line":315,"column":75}},"type":"binary-expr","locations":[{"start":{"line":315,"column":18},"end":{"line":315,"column":68}},{"start":{"line":315,"column":72},"end":{"line":315,"column":75}}]},"32":{"loc":{"start":{"line":316,"column":12},"end":{"line":316,"column":55}},"type":"binary-expr","locations":[{"start":{"line":316,"column":12},"end":{"line":316,"column":45}},{"start":{"line":316,"column":49},"end":{"line":316,"column":55}}]},"33":{"loc":{"start":{"line":318,"column":15},"end":{"line":318,"column":57}},"type":"cond-expr","locations":[{"start":{"line":318,"column":41},"end":{"line":318,"column":47}},{"start":{"line":318,"column":50},"end":{"line":318,"column":57}}]},"34":{"loc":{"start":{"line":319,"column":17},"end":{"line":319,"column":64}},"type":"cond-expr","locations":[{"start":{"line":319,"column":48},"end":{"line":319,"column":54}},{"start":{"line":319,"column":57},"end":{"line":319,"column":64}}]}},"s":{"0":1,"1":1,"2":1,"3":0,"4":0,"5":0,"6":0,"7":0,"8":0,"9":0,"10":0,"11":0,"12":0,"13":0,"14":0,"15":0,"16":0,"17":0,"18":0,"19":0,"20":0,"21":0,"22":0,"23":0,"24":0,"25":0,"26":0,"27":0,"28":0,"29":0,"30":0,"31":0,"32":0,"33":0,"34":0,"35":0,"36":0,"37":0,"38":0,"39":0,"40":0,"41":0,"42":0,"43":0,"44":0,"45":0,"46":0,"47":0,"48":0,"49":0,"50":0,"51":0,"52":0,"53":0,"54":0,"55":0,"56":0,"57":0,"58":0,"59":0,"60":0,"61":0,"62":0,"63":0,"64":0,"65":0,"66":0,"67":0,"68":0,"69":0,"70":0,"71":0,"72":0,"73":0,"74":0,"75":0,"76":0,"77":0,"78":0,"79":0,"80":0,"81":0,"82":0,"83":0,"84":0,"85":0,"86":0,"87":0,"88":0,"89":0,"90":0,"91":0,"92":0,"93":0,"94":0,"95":0,"96":0,"97":0,"98":0,"99":0,"100":0,"101":0,"102":0,"103":0,"104":0,"105":0,"106":0,"107":0,"108":0,"109":0,"110":0,"111":0,"112":0,"113":0,"114":0,"115":0,"116":0,"117":0,"118":0,"119":0,"120":0,"121":0,"122":0,"123":0,"124":0,"125":1},"f":{"0":0,"1":0,"2":0,"3":0,"4":0,"5":0,"6":0,"7":0,"8":0,"9":0,"10":0,"11":0,"12":0,"13":0,"14":0,"15":0,"16":0,"17":0,"18":0,"19":0,"20":0,"21":0,"22":0,"23":0,"24":0,"25":0},"b":{"0":[0,0],"1":[0],"2":[0,0],"3":[0],"4":[0,0],"5":[0],"6":[0,0],"7":[0,0],"8":[0,0],"9":[0,0],"10":[0,0],"11":[0,0],"12":[0,0],"13":[0,0],"14":[0,0],"15":[0],"16":[0,0],"17":[0],"18":[0,0],"19":[0],"20":[0,0],"21":[0],"22":[0,0],"23":[0],"24":[0],"25":[0,0],"26":[0,0],"27":[0],"28":[0],"29":[0,0],"30":[0,0],"31":[0,0],"32":[0,0],"33":[0,0],"34":[0,0]}}
,"/Users/lukasbuck/Code/projects/mini_crm/sdk/src/server/index.ts": {"path":"/Users/lukasbuck/Code/projects/mini_crm/sdk/src/server/index.ts","statementMap":{"0":{"start":{"line":5,"column":0},"end":{"line":5,"column":30}}},"fnMap":{},"branchMap":{},"s":{"0":0},"f":{},"b":{}}
,"/Users/lukasbuck/Code/projects/mini_crm/sdk/src/utils/Logger.ts": {"path":"/Users/lukasbuck/Code/projects/mini_crm/sdk/src/utils/Logger.ts","statementMap":{"0":{"start":{"line":1,"column":0},"end":{"line":1,"column":30}},"1":{"start":{"line":14,"column":4},"end":{"line":28,"column":7}},"2":{"start":{"line":20,"column":10},"end":{"line":22,"column":13}},"3":{"start":{"line":37,"column":4},"end":{"line":37,"column":37}},"4":{"start":{"line":46,"column":4},"end":{"line":46,"column":36}},"5":{"start":{"line":55,"column":4},"end":{"line":55,"column":36}},"6":{"start":{"line":64,"column":4},"end":{"line":71,"column":5}},"7":{"start":{"line":65,"column":6},"end":{"line":68,"column":9}},"8":{"start":{"line":70,"column":6},"end":{"line":70,"column":40}},"9":{"start":{"line":6,"column":0},"end":{"line":6,"column":13}}},"fnMap":{"0":{"name":"(anonymous_1)","decl":{"start":{"line":13,"column":2},"end":{"line":13,"column":14}},"loc":{"start":{"line":13,"column":65},"end":{"line":29,"column":3}}},"1":{"name":"(anonymous_2)","decl":{"start":{"line":19,"column":30},"end":{"line":19,"column":31}},"loc":{"start":{"line":19,"column":73},"end":{"line":23,"column":9}}},"2":{"name":"(anonymous_3)","decl":{"start":{"line":36,"column":2},"end":{"line":36,"column":7}},"loc":{"start":{"line":36,"column":35},"end":{"line":38,"column":3}}},"3":{"name":"(anonymous_4)","decl":{"start":{"line":45,"column":2},"end":{"line":45,"column":6}},"loc":{"start":{"line":45,"column":34},"end":{"line":47,"column":3}}},"4":{"name":"(anonymous_5)","decl":{"start":{"line":54,"column":2},"end":{"line":54,"column":6}},"loc":{"start":{"line":54,"column":34},"end":{"line":56,"column":3}}},"5":{"name":"(anonymous_6)","decl":{"start":{"line":63,"column":2},"end":{"line":63,"column":7}},"loc":{"start":{"line":63,"column":36},"end":{"line":72,"column":3}}}},"branchMap":{"0":{"loc":{"start":{"line":13,"column":14},"end":{"line":13,"column":65}},"type":"default-arg","locations":[{"start":{"line":13,"column":59},"end":{"line":13,"column":65}}]},"1":{"loc":{"start":{"line":21,"column":12},"end":{"line":21,"column":null}},"type":"cond-expr","locations":[{"start":{"line":21,"column":39},"end":{"line":21,"column":68}},{"start":{"line":21,"column":71},"end":{"line":21,"column":null}}]},"2":{"loc":{"start":{"line":64,"column":4},"end":{"line":71,"column":5}},"type":"if","locations":[{"start":{"line":64,"column":4},"end":{"line":71,"column":5}},{"start":{"line":69,"column":11},"end":{"line":71,"column":5}}]}},"s":{"0":2,"1":0,"2":0,"3":0,"4":0,"5":0,"6":0,"7":0,"8":0,"9":2},"f":{"0":0,"1":0,"2":0,"3":0,"4":0,"5":0},"b":{"0":[0],"1":[0,0],"2":[0,0]}}
,"/Users/lukasbuck/Code/projects/mini_crm/sdk/src/utils/paths.ts": {"path":"/Users/lukasbuck/Code/projects/mini_crm/sdk/src/utils/paths.ts","statementMap":{"0":{"start":{"line":8,"column":0},"end":{"line":8,"column":16}},"1":{"start":{"line":28,"column":0},"end":{"line":28,"column":16}},"2":{"start":{"line":37,"column":0},"end":{"line":37,"column":16}},"3":{"start":{"line":1,"column":0},"end":{"line":1,"column":24}},"4":{"start":{"line":2,"column":0},"end":{"line":2,"column":26}},"5":{"start":{"line":10,"column":18},"end":{"line":10,"column":60}},"6":{"start":{"line":11,"column":2},"end":{"line":13,"column":3}},"7":{"start":{"line":12,"column":4},"end":{"line":12,"column":19}},"8":{"start":{"line":16,"column":19},"end":{"line":16,"column":58}},"9":{"start":{"line":17,"column":2},"end":{"line":19,"column":3}},"10":{"start":{"line":18,"column":4},"end":{"line":18,"column":20}},"11":{"start":{"line":21,"column":2},"end":{"line":21,"column":51}},"12":{"start":{"line":29,"column":2},"end":{"line":29,"column":42}},"13":{"start":{"line":38,"column":23},"end":{"line":38,"column":40}},"14":{"start":{"line":39,"column":23},"end":{"line":39,"column":60}},"15":{"start":{"line":41,"column":2},"end":{"line":43,"column":3}},"16":{"start":{"line":42,"column":4},"end":{"line":42,"column":82}},"17":{"start":{"line":45,"column":2},"end":{"line":45,"column":22}}},"fnMap":{"0":{"name":"getTemplatesDir","decl":{"start":{"line":8,"column":16},"end":{"line":8,"column":31}},"loc":{"start":{"line":8,"column":31},"end":{"line":22,"column":1}}},"1":{"name":"getPackageRoot","decl":{"start":{"line":28,"column":16},"end":{"line":28,"column":30}},"loc":{"start":{"line":28,"column":30},"end":{"line":30,"column":1}}},"2":{"name":"getTemplatePath","decl":{"start":{"line":37,"column":16},"end":{"line":37,"column":31}},"loc":{"start":{"line":37,"column":52},"end":{"line":46,"column":1}}}},"branchMap":{"0":{"loc":{"start":{"line":11,"column":2},"end":{"line":13,"column":3}},"type":"if","locations":[{"start":{"line":11,"column":2},"end":{"line":13,"column":3}}]},"1":{"loc":{"start":{"line":17,"column":2},"end":{"line":19,"column":3}},"type":"if","locations":[{"start":{"line":17,"column":2},"end":{"line":19,"column":3}}]},"2":{"loc":{"start":{"line":41,"column":2},"end":{"line":43,"column":3}},"type":"if","locations":[{"start":{"line":41,"column":2},"end":{"line":43,"column":3}}]}},"s":{"0":2,"1":2,"2":2,"3":2,"4":2,"5":3,"6":3,"7":0,"8":3,"9":3,"10":0,"11":3,"12":0,"13":0,"14":0,"15":0,"16":0,"17":0},"f":{"0":3,"1":0,"2":0},"b":{"0":[0],"1":[0],"2":[0]}}
}
