TN:
SF:src/index.ts
FN:17,(anonymous_4)
FN:17,(anonymous_5)
FN:18,(anonymous_6)
FN:21,(anonymous_7)
FN:25,(anonymous_8)
FNF:5
FNH:0
FNDA:0,(anonymous_4)
FNDA:0,(anonymous_5)
FNDA:0,(anonymous_6)
FNDA:0,(anonymous_7)
FNDA:0,(anonymous_8)
DA:9,0
DA:10,0
DA:11,0
DA:14,0
DA:17,0
DA:18,0
DA:21,0
DA:24,0
DA:25,0
DA:28,0
LF:10
LH:0
BRF:0
BRH:0
end_of_record
TN:
SF:src/types.ts
FN:150,(anonymous_0)
FNF:1
FNH:1
FNDA:4,(anonymous_0)
DA:150,4
DA:151,4
DA:152,4
DA:153,4
DA:154,4
DA:155,4
DA:156,4
DA:157,4
LF:8
LH:8
BRDA:150,0,0,4
BRDA:150,0,1,4
BRF:2
BRH:2
end_of_record
TN:
SF:src/client/ApiClient.ts
FN:21,(anonymous_1)
FN:304,(anonymous_2)
FN:305,(anonymous_3)
FN:306,(anonymous_4)
FN:307,(anonymous_5)
FN:308,(anonymous_6)
FN:315,(anonymous_7)
FN:316,(anonymous_8)
FN:317,(anonymous_9)
FN:318,(anonymous_10)
FN:319,(anonymous_11)
FN:326,(anonymous_12)
FN:327,(anonymous_13)
FN:328,(anonymous_14)
FN:329,(anonymous_15)
FN:330,(anonymous_16)
FN:337,(anonymous_17)
FN:338,(anonymous_18)
FN:339,(anonymous_19)
FN:340,(anonymous_20)
FN:341,(anonymous_21)
FN:342,(anonymous_22)
FN:349,(anonymous_23)
FN:350,(anonymous_24)
FN:351,(anonymous_25)
FN:352,(anonymous_26)
FN:353,(anonymous_27)
FN:360,(anonymous_28)
FN:361,(anonymous_29)
FN:36,(anonymous_30)
FN:54,(anonymous_31)
FN:55,(anonymous_32)
FN:84,(anonymous_33)
FN:110,(anonymous_34)
FN:133,(anonymous_35)
FN:153,(anonymous_36)
FN:163,(anonymous_37)
FN:189,(anonymous_38)
FN:197,(anonymous_39)
FN:206,(anonymous_40)
FN:218,(anonymous_41)
FN:240,(anonymous_42)
FN:262,(anonymous_43)
FN:283,(anonymous_44)
FN:369,(anonymous_45)
FN:373,(anonymous_46)
FN:374,(anonymous_47)
FN:375,(anonymous_48)
FN:376,(anonymous_49)
FN:377,(anonymous_50)
FNF:50
FNH:4
FNDA:7,(anonymous_1)
FNDA:0,(anonymous_2)
FNDA:0,(anonymous_3)
FNDA:0,(anonymous_4)
FNDA:0,(anonymous_5)
FNDA:0,(anonymous_6)
FNDA:0,(anonymous_7)
FNDA:0,(anonymous_8)
FNDA:0,(anonymous_9)
FNDA:0,(anonymous_10)
FNDA:0,(anonymous_11)
FNDA:0,(anonymous_12)
FNDA:0,(anonymous_13)
FNDA:0,(anonymous_14)
FNDA:0,(anonymous_15)
FNDA:0,(anonymous_16)
FNDA:0,(anonymous_17)
FNDA:0,(anonymous_18)
FNDA:0,(anonymous_19)
FNDA:0,(anonymous_20)
FNDA:0,(anonymous_21)
FNDA:0,(anonymous_22)
FNDA:0,(anonymous_23)
FNDA:0,(anonymous_24)
FNDA:0,(anonymous_25)
FNDA:0,(anonymous_26)
FNDA:0,(anonymous_27)
FNDA:0,(anonymous_28)
FNDA:0,(anonymous_29)
FNDA:0,(anonymous_30)
FNDA:0,(anonymous_31)
FNDA:0,(anonymous_32)
FNDA:2,(anonymous_33)
FNDA:1,(anonymous_34)
FNDA:0,(anonymous_35)
FNDA:3,(anonymous_36)
FNDA:0,(anonymous_37)
FNDA:0,(anonymous_38)
FNDA:0,(anonymous_39)
FNDA:0,(anonymous_40)
FNDA:0,(anonymous_41)
FNDA:0,(anonymous_42)
FNDA:0,(anonymous_43)
FNDA:0,(anonymous_44)
FNDA:0,(anonymous_45)
FNDA:0,(anonymous_46)
FNDA:0,(anonymous_47)
FNDA:0,(anonymous_48)
FNDA:0,(anonymous_49)
FNDA:0,(anonymous_50)
DA:1,2
DA:8,2
DA:11,7
DA:12,7
DA:13,7
DA:22,7
DA:23,7
DA:26,7
DA:36,7
DA:38,0
DA:39,0
DA:40,0
DA:42,0
DA:43,0
DA:44,0
DA:46,0
DA:49,0
DA:53,7
DA:54,0
DA:57,0
DA:58,0
DA:60,0
DA:63,0
DA:64,0
DA:65,0
DA:68,0
DA:69,0
DA:73,0
DA:85,2
DA:86,2
DA:91,2
DA:92,0
DA:93,0
DA:96,2
DA:98,2
DA:99,2
DA:111,1
DA:112,1
DA:118,1
DA:119,0
DA:122,1
DA:124,1
DA:125,1
DA:134,0
DA:135,0
DA:137,0
DA:138,0
DA:141,0
DA:143,0
DA:144,0
DA:154,3
DA:155,3
DA:156,3
DA:164,0
DA:165,0
DA:168,0
DA:169,0
DA:173,0
DA:174,0
DA:175,0
DA:178,0
DA:180,0
DA:181,0
DA:182,0
DA:190,0
DA:198,0
DA:199,0
DA:200,0
DA:207,0
DA:208,0
DA:209,0
DA:219,0
DA:220,0
DA:222,0
DA:223,0
DA:226,0
DA:228,0
DA:229,0
DA:241,0
DA:242,0
DA:244,0
DA:245,0
DA:248,0
DA:250,0
DA:251,0
DA:263,0
DA:264,0
DA:266,0
DA:267,0
DA:270,0
DA:272,0
DA:273,0
DA:284,0
DA:285,0
DA:287,0
DA:288,0
DA:291,0
DA:293,0
DA:294,0
DA:303,7
DA:304,0
DA:305,0
DA:306,0
DA:307,0
DA:308,0
DA:314,7
DA:315,0
DA:316,0
DA:317,0
DA:318,0
DA:319,0
DA:325,7
DA:326,0
DA:327,0
DA:328,0
DA:329,0
DA:330,0
DA:336,7
DA:337,0
DA:338,0
DA:339,0
DA:340,0
DA:341,0
DA:342,0
DA:348,7
DA:349,0
DA:350,0
DA:351,0
DA:352,0
DA:353,0
DA:359,7
DA:360,0
DA:361,0
DA:370,0
DA:372,0
DA:373,0
DA:374,0
DA:375,0
DA:376,0
DA:377,0
LF:140
LH:31
BRDA:38,0,0,0
BRDA:38,0,1,0
BRDA:38,1,0,0
BRDA:38,1,1,0
BRDA:40,2,0,0
BRDA:57,3,0,0
BRDA:57,4,0,0
BRDA:57,4,1,0
BRDA:57,4,2,0
BRDA:91,5,0,0
BRDA:91,6,0,2
BRDA:91,6,1,0
BRDA:96,7,0,2
BRDA:96,7,1,2
BRDA:118,8,0,0
BRDA:118,9,0,1
BRDA:118,9,1,0
BRDA:122,10,0,1
BRDA:122,10,1,1
BRDA:137,11,0,0
BRDA:137,12,0,0
BRDA:137,12,1,0
BRDA:141,13,0,0
BRDA:141,13,1,0
BRDA:153,14,0,3
BRDA:164,15,0,0
BRDA:173,16,0,0
BRDA:173,17,0,0
BRDA:173,17,1,0
BRDA:178,18,0,0
BRDA:178,18,1,0
BRDA:222,19,0,0
BRDA:222,20,0,0
BRDA:222,20,1,0
BRDA:226,21,0,0
BRDA:226,21,1,0
BRDA:244,22,0,0
BRDA:244,23,0,0
BRDA:244,23,1,0
BRDA:248,24,0,0
BRDA:248,24,1,0
BRDA:266,25,0,0
BRDA:266,26,0,0
BRDA:266,26,1,0
BRDA:270,27,0,0
BRDA:270,27,1,0
BRDA:287,28,0,0
BRDA:287,29,0,0
BRDA:287,29,1,0
BRDA:291,30,0,0
BRDA:291,30,1,0
BRF:51
BRH:7
end_of_record
TN:
SF:src/client/index.ts
FNF:0
FNH:0
DA:5,0
LF:1
LH:0
BRF:0
BRH:0
end_of_record
TN:
SF:src/core/MiniCRM.ts
FN:23,(anonymous_0)
FN:31,(anonymous_1)
FN:53,(anonymous_2)
FN:79,(anonymous_3)
FN:87,(anonymous_4)
FN:95,(anonymous_5)
FN:110,(anonymous_6)
FN:118,(anonymous_7)
FN:127,(anonymous_8)
FN:135,(anonymous_9)
FN:145,(anonymous_10)
FN:159,(anonymous_11)
FN:168,(anonymous_12)
FN:182,(anonymous_13)
FN:191,(anonymous_14)
FNF:15
FNH:8
FNDA:7,(anonymous_0)
FNDA:0,(anonymous_1)
FNDA:1,(anonymous_2)
FNDA:0,(anonymous_3)
FNDA:0,(anonymous_4)
FNDA:1,(anonymous_5)
FNDA:1,(anonymous_6)
FNDA:2,(anonymous_7)
FNDA:0,(anonymous_8)
FNDA:0,(anonymous_9)
FNDA:1,(anonymous_10)
FNDA:0,(anonymous_11)
FNDA:1,(anonymous_12)
FNDA:0,(anonymous_13)
FNDA:7,(anonymous_14)
DA:2,1
DA:3,1
DA:4,1
DA:5,1
DA:6,1
DA:11,1
DA:24,7
DA:25,7
DA:26,7
DA:27,7
DA:30,7
DA:31,7
DA:32,0
DA:37,7
DA:38,7
DA:41,7
DA:54,1
DA:56,1
DA:58,1
DA:61,1
DA:65,1
DA:70,0
DA:71,0
DA:80,0
DA:88,0
DA:96,1
DA:97,1
DA:98,1
DA:99,1
DA:101,0
DA:102,0
DA:111,1
DA:119,2
DA:120,2
DA:128,0
DA:136,0
DA:146,1
DA:148,1
DA:149,1
DA:160,0
DA:169,1
DA:170,1
DA:183,0
DA:192,7
DA:193,0
DA:197,7
DA:217,7
DA:224,7
LF:48
LH:36
BRDA:25,0,0,7
BRDA:25,0,1,0
BRDA:30,1,0,7
BRDA:30,2,0,7
BRDA:30,2,1,7
BRDA:37,3,0,7
BRDA:37,3,1,0
BRDA:37,4,0,0
BRDA:37,4,1,0
BRDA:37,5,0,0
BRDA:37,5,1,0
BRDA:66,6,0,1
BRDA:66,6,1,0
BRDA:70,7,0,0
BRDA:70,7,1,0
BRDA:101,8,0,0
BRDA:101,8,1,0
BRDA:119,9,0,2
BRDA:119,9,1,2
BRDA:119,9,2,2
BRDA:192,10,0,0
BRDA:220,11,0,7
BRDA:220,11,1,0
BRDA:221,12,0,7
BRDA:221,12,1,0
BRF:25
BRH:11
end_of_record
TN:
SF:src/generator/CodeGenerator.ts
FN:22,(anonymous_1)
FN:35,(anonymous_2)
FN:83,(anonymous_3)
FN:110,(anonymous_4)
FN:143,(anonymous_5)
FN:176,(anonymous_6)
FN:207,(anonymous_7)
FN:236,(anonymous_8)
FN:238,(anonymous_9)
FN:262,(anonymous_10)
FN:270,(anonymous_11)
FN:274,(anonymous_12)
FN:280,(anonymous_13)
FN:287,(anonymous_14)
FN:293,(anonymous_15)
FN:298,(anonymous_16)
FN:308,(anonymous_17)
FNF:17
FNH:1
FNDA:3,(anonymous_1)
FNDA:0,(anonymous_2)
FNDA:0,(anonymous_3)
FNDA:0,(anonymous_4)
FNDA:0,(anonymous_5)
FNDA:0,(anonymous_6)
FNDA:0,(anonymous_7)
FNDA:0,(anonymous_8)
FNDA:0,(anonymous_9)
FNDA:0,(anonymous_10)
FNDA:0,(anonymous_11)
FNDA:0,(anonymous_12)
FNDA:0,(anonymous_13)
FNDA:0,(anonymous_14)
FNDA:0,(anonymous_15)
FNDA:0,(anonymous_16)
FNDA:0,(anonymous_17)
DA:1,2
DA:2,2
DA:3,2
DA:7,2
DA:12,2
DA:23,3
DA:24,3
DA:25,3
DA:28,0
DA:36,0
DA:38,0
DA:40,0
DA:41,0
DA:42,0
DA:43,0
DA:47,0
DA:48,0
DA:49,0
DA:50,0
DA:52,0
DA:53,0
DA:54,0
DA:55,0
DA:58,0
DA:61,0
DA:64,0
DA:67,0
DA:70,0
DA:72,0
DA:74,0
DA:75,0
DA:84,0
DA:100,0
DA:101,0
DA:102,0
DA:111,0
DA:112,0
DA:115,0
DA:116,0
DA:119,0
DA:120,0
DA:122,0
DA:127,0
DA:128,0
DA:130,0
DA:133,0
DA:134,0
DA:144,0
DA:145,0
DA:148,0
DA:149,0
DA:152,0
DA:153,0
DA:155,0
DA:160,0
DA:161,0
DA:163,0
DA:166,0
DA:167,0
DA:177,0
DA:178,0
DA:181,0
DA:182,0
DA:185,0
DA:187,0
DA:192,0
DA:193,0
DA:195,0
DA:197,0
DA:198,0
DA:208,0
DA:209,0
DA:212,0
DA:213,0
DA:216,0
DA:218,0
DA:223,0
DA:224,0
DA:226,0
DA:228,0
DA:229,0
DA:238,0
DA:239,0
DA:241,0
DA:243,0
DA:245,0
DA:247,0
DA:249,0
DA:251,0
DA:252,0
DA:253,0
DA:255,0
DA:257,0
DA:262,0
DA:263,0
DA:266,0
DA:267,0
DA:270,0
DA:274,0
DA:275,0
DA:277,0
DA:280,0
DA:283,0
DA:287,0
DA:288,0
DA:289,0
DA:293,0
DA:294,0
DA:298,0
DA:299,0
DA:309,0
DA:311,0
DA:313,0
DA:315,0
DA:317,0
DA:319,0
DA:321,0
LF:117
LH:8
BRDA:41,0,0,0
BRDA:133,1,0,0
BRDA:133,1,1,0
BRDA:166,2,0,0
BRDA:166,2,1,0
BRDA:197,3,0,0
BRDA:197,3,1,0
BRDA:228,4,0,0
BRDA:228,4,1,0
BRDA:239,5,0,0
BRDA:239,5,1,0
BRDA:239,5,2,0
BRDA:239,5,3,0
BRDA:239,5,4,0
BRDA:239,5,5,0
BRDA:239,5,6,0
BRDA:251,6,0,0
BRDA:251,7,0,0
BRDA:251,7,1,0
BRDA:251,7,2,0
BRDA:263,8,0,0
BRDA:266,9,0,0
BRDA:275,10,0,0
BRDA:288,11,0,0
BRDA:294,12,0,0
BRDA:294,12,1,0
BRDA:309,13,0,0
BRDA:309,13,1,0
BRDA:309,13,2,0
BRDA:309,13,3,0
BRDA:309,13,4,0
BRDA:309,13,5,0
BRF:32
BRH:0
end_of_record
TN:
SF:src/schema/ModelRegistry.ts
FN:10,(anonymous_0)
FN:18,(anonymous_1)
FN:48,(anonymous_2)
FN:71,(anonymous_3)
FN:79,(anonymous_4)
FN:88,(anonymous_5)
FN:96,(anonymous_6)
FN:103,(anonymous_7)
FNF:8
FNH:5
FNDA:7,(anonymous_0)
FNDA:4,(anonymous_1)
FNDA:4,(anonymous_2)
FNDA:0,(anonymous_3)
FNDA:5,(anonymous_4)
FNDA:0,(anonymous_5)
FNDA:0,(anonymous_6)
FNDA:1,(anonymous_7)
DA:2,3
DA:7,3
DA:11,7
DA:20,4
DA:21,4
DA:22,0
DA:26,4
DA:27,4
DA:28,0
DA:32,4
DA:40,4
DA:49,4
DA:51,4
DA:52,14
DA:54,0
DA:63,4
DA:72,0
DA:80,5
DA:89,0
DA:97,0
DA:104,1
LF:21
LH:15
BRDA:21,0,0,0
BRDA:27,1,0,0
BRDA:27,2,0,4
BRDA:27,2,1,4
BRDA:52,3,0,0
BRDA:52,4,0,14
BRDA:52,4,1,0
BRF:7
BRH:3
end_of_record
TN:
SF:src/schema/decorators.ts
FN:5,(anonymous_0)
FN:34,Model
FN:35,(anonymous_2)
FN:61,Field
FN:62,(anonymous_4)
FN:123,getModelMetadata
FN:131,getFieldsMetadata
FNF:7
FNH:6
FNDA:0,(anonymous_0)
FNDA:5,Model
FNDA:5,(anonymous_2)
FNDA:16,Field
FNDA:16,(anonymous_4)
FNDA:4,getModelMetadata
FNDA:4,getFieldsMetadata
DA:1,4
DA:2,4
DA:5,4
DA:7,4
DA:8,4
DA:34,4
DA:35,5
DA:37,5
DA:40,5
DA:44,5
DA:53,5
DA:61,4
DA:62,16
DA:64,16
DA:70,16
DA:73,16
DA:74,8
DA:75,8
DA:76,8
DA:78,8
DA:79,5
DA:80,0
DA:81,0
DA:82,0
DA:83,3
DA:86,0
DA:91,16
DA:95,16
DA:108,16
DA:111,16
DA:123,4
DA:124,4
DA:131,4
DA:132,4
LF:34
LH:30
BRDA:34,0,0,5
BRDA:37,1,0,5
BRDA:37,1,1,5
BRDA:40,2,0,5
BRDA:40,2,1,5
BRDA:47,3,0,5
BRDA:47,3,1,5
BRDA:48,4,0,5
BRDA:48,4,1,5
BRDA:61,5,0,3
BRDA:64,6,0,16
BRDA:64,6,1,5
BRDA:70,7,0,16
BRDA:70,7,1,0
BRDA:73,8,0,8
BRDA:75,9,0,8
BRDA:75,9,1,0
BRDA:78,10,0,5
BRDA:78,10,1,0
BRDA:78,10,2,0
BRDA:78,10,3,0
BRDA:78,10,4,3
BRDA:91,11,0,16
BRDA:91,11,1,16
BRDA:98,12,0,16
BRDA:98,12,1,0
BRDA:132,13,0,4
BRDA:132,13,1,0
BRF:28
BRH:21
end_of_record
TN:
SF:src/schema/index.ts
FNF:0
FNH:0
DA:5,0
DA:6,0
LF:2
LH:0
BRF:0
BRH:0
end_of_record
TN:
SF:src/server/LocalServer.ts
FN:28,(anonymous_1)
FN:45,(anonymous_2)
FN:82,(anonymous_3)
FN:88,(anonymous_4)
FN:93,(anonymous_5)
FN:101,(anonymous_6)
FN:110,(anonymous_7)
FN:124,(anonymous_8)
FN:127,(anonymous_9)
FN:131,(anonymous_10)
FN:135,(anonymous_11)
FN:140,(anonymous_12)
FN:155,(anonymous_13)
FN:158,(anonymous_14)
FN:164,(anonymous_15)
FN:168,(anonymous_16)
FN:172,(anonymous_17)
FN:177,(anonymous_18)
FN:192,(anonymous_19)
FN:195,(anonymous_20)
FN:226,(anonymous_21)
FN:241,(anonymous_22)
FN:256,(anonymous_23)
FN:266,(anonymous_24)
FN:283,(anonymous_25)
FN:301,(anonymous_26)
FNF:26
FNH:0
FNDA:0,(anonymous_1)
FNDA:0,(anonymous_2)
FNDA:0,(anonymous_3)
FNDA:0,(anonymous_4)
FNDA:0,(anonymous_5)
FNDA:0,(anonymous_6)
FNDA:0,(anonymous_7)
FNDA:0,(anonymous_8)
FNDA:0,(anonymous_9)
FNDA:0,(anonymous_10)
FNDA:0,(anonymous_11)
FNDA:0,(anonymous_12)
FNDA:0,(anonymous_13)
FNDA:0,(anonymous_14)
FNDA:0,(anonymous_15)
FNDA:0,(anonymous_16)
FNDA:0,(anonymous_17)
FNDA:0,(anonymous_18)
FNDA:0,(anonymous_19)
FNDA:0,(anonymous_20)
FNDA:0,(anonymous_21)
FNDA:0,(anonymous_22)
FNDA:0,(anonymous_23)
FNDA:0,(anonymous_24)
FNDA:0,(anonymous_25)
FNDA:0,(anonymous_26)
DA:1,1
DA:2,1
DA:3,1
DA:12,1
DA:17,0
DA:18,0
DA:34,0
DA:35,0
DA:36,0
DA:37,0
DA:38,0
DA:46,0
DA:47,0
DA:48,0
DA:52,0
DA:55,0
DA:58,0
DA:60,0
DA:63,0
DA:66,0
DA:69,0
DA:71,0
DA:73,0
DA:74,0
DA:83,0
DA:84,0
DA:85,0
DA:88,0
DA:90,0
DA:93,0
DA:94,0
DA:95,0
DA:96,0
DA:101,0
DA:102,0
DA:103,0
DA:104,0
DA:105,0
DA:106,0
DA:110,0
DA:111,0
DA:112,0
DA:113,0
DA:114,0
DA:115,0
DA:125,0
DA:127,0
DA:128,0
DA:130,0
DA:131,0
DA:132,0
DA:135,0
DA:136,0
DA:137,0
DA:140,0
DA:141,0
DA:142,0
DA:143,0
DA:145,0
DA:156,0
DA:158,0
DA:159,0
DA:164,0
DA:165,0
DA:168,0
DA:169,0
DA:172,0
DA:173,0
DA:174,0
DA:177,0
DA:178,0
DA:179,0
DA:180,0
DA:182,0
DA:193,0
DA:195,0
DA:197,0
DA:216,0
DA:222,0
DA:225,0
DA:226,0
DA:227,0
DA:228,0
DA:231,0
DA:232,0
DA:233,0
DA:234,0
DA:240,0
DA:241,0
DA:242,0
DA:243,0
DA:246,0
DA:247,0
DA:248,0
DA:249,0
DA:255,0
DA:256,0
DA:257,0
DA:258,0
DA:259,0
DA:260,0
DA:265,0
DA:266,0
DA:267,0
DA:268,0
DA:269,0
DA:270,0
DA:271,0
DA:272,0
DA:273,0
DA:275,0
DA:276,0
DA:277,0
DA:283,0
DA:284,0
DA:285,0
DA:286,0
DA:287,0
DA:288,0
DA:290,0
DA:291,0
DA:302,0
DA:303,0
DA:305,0
DA:322,0
DA:323,0
LF:126
LH:4
BRDA:38,0,0,0
BRDA:38,0,1,0
BRDA:46,1,0,0
BRDA:63,2,0,0
BRDA:63,2,1,0
BRDA:83,3,0,0
BRDA:83,4,0,0
BRDA:83,4,1,0
BRDA:94,5,0,0
BRDA:141,6,0,0
BRDA:141,6,1,0
BRDA:178,7,0,0
BRDA:178,7,1,0
BRDA:204,8,0,0
BRDA:204,8,1,0
BRDA:205,9,0,0
BRDA:205,9,1,0
BRDA:206,10,0,0
BRDA:206,10,1,0
BRDA:208,11,0,0
BRDA:208,11,1,0
BRDA:209,12,0,0
BRDA:209,12,1,0
BRDA:211,13,0,0
BRDA:211,13,1,0
BRDA:212,14,0,0
BRDA:212,14,1,0
BRDA:225,15,0,0
BRDA:225,16,0,0
BRDA:225,16,1,0
BRDA:231,17,0,0
BRDA:231,18,0,0
BRDA:231,18,1,0
BRDA:240,19,0,0
BRDA:240,20,0,0
BRDA:240,20,1,0
BRDA:246,21,0,0
BRDA:246,22,0,0
BRDA:246,22,1,0
BRDA:255,23,0,0
BRDA:265,24,0,0
BRDA:267,25,0,0
BRDA:267,25,1,0
BRDA:270,26,0,0
BRDA:270,26,1,0
BRDA:284,27,0,0
BRDA:286,28,0,0
BRDA:311,29,0,0
BRDA:311,29,1,0
BRDA:312,30,0,0
BRDA:312,30,1,0
BRDA:315,31,0,0
BRDA:315,31,1,0
BRDA:316,32,0,0
BRDA:316,32,1,0
BRDA:318,33,0,0
BRDA:318,33,1,0
BRDA:319,34,0,0
BRDA:319,34,1,0
BRF:59
BRH:0
end_of_record
TN:
SF:src/server/index.ts
FNF:0
FNH:0
DA:5,0
LF:1
LH:0
BRF:0
BRH:0
end_of_record
TN:
SF:src/utils/Logger.ts
FN:13,(anonymous_1)
FN:19,(anonymous_2)
FN:36,(anonymous_3)
FN:45,(anonymous_4)
FN:54,(anonymous_5)
FN:63,(anonymous_6)
FNF:6
FNH:0
FNDA:0,(anonymous_1)
FNDA:0,(anonymous_2)
FNDA:0,(anonymous_3)
FNDA:0,(anonymous_4)
FNDA:0,(anonymous_5)
FNDA:0,(anonymous_6)
DA:1,2
DA:6,2
DA:14,0
DA:20,0
DA:37,0
DA:46,0
DA:55,0
DA:64,0
DA:65,0
DA:70,0
LF:10
LH:2
BRDA:13,0,0,0
BRDA:21,1,0,0
BRDA:21,1,1,0
BRDA:64,2,0,0
BRDA:64,2,1,0
BRF:5
BRH:0
end_of_record
TN:
SF:src/utils/paths.ts
FN:8,getTemplatesDir
FN:28,getPackageRoot
FN:37,getTemplatePath
FNF:3
FNH:1
FNDA:3,getTemplatesDir
FNDA:0,getPackageRoot
FNDA:0,getTemplatePath
DA:1,2
DA:2,2
DA:8,2
DA:10,3
DA:11,3
DA:12,0
DA:16,3
DA:17,3
DA:18,0
DA:21,3
DA:28,2
DA:29,0
DA:37,2
DA:38,0
DA:39,0
DA:41,0
DA:42,0
DA:45,0
LF:18
LH:10
BRDA:11,0,0,0
BRDA:17,1,0,0
BRDA:41,2,0,0
BRF:3
BRH:0
end_of_record
